Using pre-set license
Built from '2020.3/staging' branch; Version is '2020.3.17f1 (a4537701e4ab) revision 10769271'; Using compiler version '192528614'; Build Type 'Release'
OS: 'Windows 10 Home Single Language; OS build 19043.1348; Version 2009; 64bit' Language: 'es' Physical Memory: 7641 MB
BatchMode: 1, IsHumanControllingUs: 0, StartBugReporterOnCrash: 0, Is64bit: 1, IsPro: 0

COMMAND LINE ARGUMENTS:
C:\Program Files\Unity\Hub\Editor\2020.3.17f1\Editor\Unity.exe
-adb2
-batchMode
-noUpm
-name
AssetImportWorker1
-projectPath
C:/Users/52222/Desktop/AD4semestre/P.Prototipos3D_Abner/Proyectos/ProyectoFinal/29112021
-logFile
Logs/AssetImportWorker1.log
-srvPort
54779
Successfully changed project path to: C:/Users/52222/Desktop/AD4semestre/P.Prototipos3D_Abner/Proyectos/ProyectoFinal/29112021
C:/Users/52222/Desktop/AD4semestre/P.Prototipos3D_Abner/Proyectos/ProyectoFinal/29112021
Using Asset Import Pipeline V2.
