Using pre-set license
Built from '2020.3/staging' branch; Version is '2020.3.17f1 (a4537701e4ab) revision 10769271'; Using compiler version '192528614'; Build Type 'Release'
OS: 'Windows 10 Home Single Language; OS build 19043.1348; Version 2009; 64bit' Language: 'es' Physical Memory: 7055 MB
BatchMode: 1, IsHumanControllingUs: 0, StartBugReporterOnCrash: 0, Is64bit: 1, IsPro: 0

COMMAND LINE ARGUMENTS:
C:\Program Files\2020.3.17f1\Editor\Unity.exe
-adb2
-batchMode
-noUpm
-name
AssetImportWorker0
-projectPath
C:/Users/PERSONAL/Documents/Prototipos 3D/Proyectos/prueba version 2
-logFile
Logs/AssetImportWorker0.log
-srvPort
59289
Successfully changed project path to: C:/Users/PERSONAL/Documents/Prototipos 3D/Proyectos/prueba version 2
C:/Users/PERSONAL/Documents/Prototipos 3D/Proyectos/prueba version 2
Using Asset Import Pipeline V2.
Refreshing native plugins compatible for Editor in 508.82 ms, found 2 plugins.
Preloading 0 native plugins for Editor in 0.00 ms.
Initialize engine version: 2020.3.17f1 (a4537701e4ab)
[Subsystems] Discovering subsystems at path C:/Program Files/2020.3.17f1/Editor/Data/Resources/UnitySubsystems
[Subsystems] Discovering subsystems at path C:/Users/PERSONAL/Documents/Prototipos 3D/Proyectos/prueba version 2/Assets
GfxDevice: creating device client; threaded=0
Direct3D:
    Version:  Direct3D 11.0 [level 11.1]
    Renderer: AMD Radeon(TM) R5 Graphics (ID=0x98e4)
    Vendor:   
    VRAM:     3527 MB
    Driver:   27.20.1034.6
Initialize mono
Mono path[0] = 'C:/Program Files/2020.3.17f1/Editor/Data/Managed'
Mono path[1] = 'C:/Program Files/2020.3.17f1/Editor/Data/MonoBleedingEdge/lib/mono/unityjit'
Mono config path = 'C:/Program Files/2020.3.17f1/Editor/Data/MonoBleedingEdge/etc'
Using monoOptions --debugger-agent=transport=dt_socket,embedding=1,server=y,suspend=n,address=127.0.0.1:56228
Begin MonoManager ReloadAssembly
Registering precompiled unity dll's ...
Register platform support module: C:/Program Files/2020.3.17f1/Editor/Data/PlaybackEngines/WindowsStandaloneSupport/UnityEditor.WindowsStandalone.Extensions.dll
Registered in 0.010347 seconds.
Native extension for WindowsStandalone target not found
Refreshing native plugins compatible for Editor in 963.56 ms, found 2 plugins.
Preloading 0 native plugins for Editor in 0.00 ms.
Mono: successfully reloaded assembly
- Completed reload, in  5.662 seconds
Domain Reload Profiling:
	ReloadAssembly (5662ms)
		BeginReloadAssembly (133ms)
			ExecutionOrderSort (0ms)
			DisableScriptedObjects (0ms)
			BackupInstance (0ms)
			ReleaseScriptingObjects (0ms)
			CreateAndSetChildDomain (1ms)
		EndReloadAssembly (3282ms)
			LoadAssemblies (127ms)
			RebuildTransferFunctionScriptingTraits (0ms)
			SetupTypeCache (1384ms)
			ReleaseScriptCaches (0ms)
			RebuildScriptCaches (111ms)
			SetupLoadedEditorAssemblies (1413ms)
				LogAssemblyErrors (0ms)
				InitializePlatformSupportModulesInManaged (52ms)
				SetLoadedEditorAssemblies (5ms)
				RefreshPlugins (964ms)
				BeforeProcessingInitializeOnLoad (37ms)
				ProcessInitializeOnLoadAttributes (266ms)
				ProcessInitializeOnLoadMethodAttributes (89ms)
				AfterProcessingInitializeOnLoad (0ms)
				EditorAssembliesLoaded (1ms)
			ExecutionOrderSort2 (0ms)
			AwakeInstancesAfterBackupRestoration (0ms)
Platform modules already initialized, skipping
Registering precompiled user dll's ...
Registered in 0.012408 seconds.
Begin MonoManager ReloadAssembly
Native extension for WindowsStandalone target not found
Refreshing native plugins compatible for Editor in 0.59 ms, found 2 plugins.
Preloading 0 native plugins for Editor in 0.00 ms.
Mono: successfully reloaded assembly
- Completed reload, in  3.058 seconds
Domain Reload Profiling:
	ReloadAssembly (3061ms)
		BeginReloadAssembly (398ms)
			ExecutionOrderSort (0ms)
			DisableScriptedObjects (13ms)
			BackupInstance (0ms)
			ReleaseScriptingObjects (0ms)
			CreateAndSetChildDomain (50ms)
		EndReloadAssembly (2477ms)
			LoadAssemblies (234ms)
			RebuildTransferFunctionScriptingTraits (0ms)
			SetupTypeCache (853ms)
			ReleaseScriptCaches (1ms)
			RebuildScriptCaches (209ms)
			SetupLoadedEditorAssemblies (944ms)
				LogAssemblyErrors (0ms)
				InitializePlatformSupportModulesInManaged (12ms)
				SetLoadedEditorAssemblies (1ms)
				RefreshPlugins (1ms)
				BeforeProcessingInitializeOnLoad (193ms)
				ProcessInitializeOnLoadAttributes (700ms)
				ProcessInitializeOnLoadMethodAttributes (12ms)
				AfterProcessingInitializeOnLoad (25ms)
				EditorAssembliesLoaded (1ms)
			ExecutionOrderSort2 (0ms)
			AwakeInstancesAfterBackupRestoration (22ms)
Platform modules already initialized, skipping
========================================================================
Worker process is ready to serve import requests
Launched and connected shader compiler UnityShaderCompiler.exe after 0.54 seconds
Refreshing native plugins compatible for Editor in 0.64 ms, found 2 plugins.
Preloading 0 native plugins for Editor in 0.00 ms.
Unloading 1411 Unused Serialized files (Serialized files now loaded: 0)
System memory in use before: 65.5 MB.
System memory in use after: 65.6 MB.

Unloading 18 unused Assets to reduce memory usage. Loaded Objects now: 1846.
Total: 7.777700 ms (FindLiveObjects: 0.401700 ms CreateObjectMapping: 0.121600 ms MarkObjects: 7.107100 ms  DeleteObjects: 0.144700 ms)

AssetImportParameters requested are different than current active one (requested -> active):
  custom:framework-win-MediaFoundation: 216162199b28c13a410421893ffa2e32 -> 
  custom:video-decoder-ogg-theora: a1e56fd34408186e4bbccfd4996cb3dc -> 
  custom:container-muxer-webm: aa71ff27fc2769a1b78a27578f13a17b -> 
  custom:container-demuxer-webm: 4f35f7cbe854078d1ac9338744f61a02 -> 
  custom:container-demuxer-ogg: 62fdf1f143b41e24485cea50d1cbac27 -> 
  custom:video-encoder-webm-vp8: eb34c28f22e8b96e1ab97ce403110664 -> 
  custom:video-decoder-webm-vp8: 9c59270c3fd7afecdb556c50c9e8de78 -> 
  custom:audio-decoder-ogg-vorbis: bf7c407c2cedff20999df2af8eb42d56 -> 
  custom:audio-encoder-webm-vorbis: bf7c407c2cedff20999df2af8eb42d56 -> 
========================================================================
Received Import Request.
  path: Assets/Scenes/nivel 1.unity
  artifactKey: Guid(bbd641e6408ab8a4e8effc06f35e6132) Importer(815301076,1909f56bfc062723c751e8b465ee728b)
Start importing Assets/Scenes/nivel 1.unity using Guid(bbd641e6408ab8a4e8effc06f35e6132) Importer(815301076,1909f56bfc062723c751e8b465ee728b)  -> (artifact id: '7c6cd0cb3630faa2148485f03f45e555') in 0.088067 seconds 
  Import took 0.112902 seconds .

========================================================================
Received Import Request.
  Time since last request: 6.556449 seconds.
  path: Assets/Scenes/nivel 2.unity
  artifactKey: Guid(836cdb3e7be93f949bddb4498043160a) Importer(815301076,1909f56bfc062723c751e8b465ee728b)
Start importing Assets/Scenes/nivel 2.unity using Guid(836cdb3e7be93f949bddb4498043160a) Importer(815301076,1909f56bfc062723c751e8b465ee728b)  -> (artifact id: '5aba6f2b33ce3688eb57440ee8aef81b') in 0.165192 seconds 
  Import took 0.406386 seconds .

========================================================================
Received Import Request.
  Time since last request: 5.103598 seconds.
  path: Assets/Scenes/nivel 3.unity
  artifactKey: Guid(27e8327c70c131d4aa9d3fd38e3b996e) Importer(815301076,1909f56bfc062723c751e8b465ee728b)
Start importing Assets/Scenes/nivel 3.unity using Guid(27e8327c70c131d4aa9d3fd38e3b996e) Importer(815301076,1909f56bfc062723c751e8b465ee728b)  -> (artifact id: '625b38b55d62ee1e177b66f5949b4b28') in 0.068043 seconds 
  Import took 0.096547 seconds .

========================================================================
Received Import Request.
  Time since last request: 7094.296175 seconds.
  path: Assets/Scenes/PantallaInicio.unity
  artifactKey: Guid(9fc0d4010bbf28b4594072e72b8655ab) Importer(815301076,1909f56bfc062723c751e8b465ee728b)
Start importing Assets/Scenes/PantallaInicio.unity using Guid(9fc0d4010bbf28b4594072e72b8655ab) Importer(815301076,1909f56bfc062723c751e8b465ee728b)  -> (artifact id: '3726b160fef48a4afcc2e9e3b28a2d62') in 0.223748 seconds 
  Import took 0.269641 seconds .

========================================================================
Received Import Request.
  Time since last request: 659.847160 seconds.
  path: Assets/Sprites/PORTADA_PP3D_ver2.png
  artifactKey: Guid(72f3b1aa6679ebb43a36b4d90d6785d9) Importer(815301076,1909f56bfc062723c751e8b465ee728b)
Start importing Assets/Sprites/PORTADA_PP3D_ver2.png using Guid(72f3b1aa6679ebb43a36b4d90d6785d9) Importer(815301076,1909f56bfc062723c751e8b465ee728b)  -> (artifact id: 'd842881b6a425de7266214f499d04972') in 4.334131 seconds 
  Import took 4.451922 seconds .

========================================================================
Received Import Request.
  Time since last request: 29.732988 seconds.
  path: Assets/Sprites/PORTADA_PP3D_ver2.png
  artifactKey: Guid(72f3b1aa6679ebb43a36b4d90d6785d9) Importer(815301076,1909f56bfc062723c751e8b465ee728b)
Start importing Assets/Sprites/PORTADA_PP3D_ver2.png using Guid(72f3b1aa6679ebb43a36b4d90d6785d9) Importer(815301076,1909f56bfc062723c751e8b465ee728b)  -> (artifact id: '1e3b40817621b9a2a9bc1d360edf9e9e') in 1.590455 seconds 
  Import took 1.806122 seconds .

========================================================================
Received Import Request.
  Time since last request: 184.566997 seconds.
  path: Assets/FuentesTexto
  artifactKey: Guid(db3da0fd7b951504484c0dae2b4f3147) Importer(815301076,1909f56bfc062723c751e8b465ee728b)
Start importing Assets/FuentesTexto using Guid(db3da0fd7b951504484c0dae2b4f3147) Importer(815301076,1909f56bfc062723c751e8b465ee728b)  -> (artifact id: 'c7119c63837ff728a3495d7b253694ad') in 0.070009 seconds 
  Import took 0.132033 seconds .

========================================================================
Received Import Request.
  Time since last request: 27.495055 seconds.
  path: Assets/FuentesTexto/Bungler.ttf
  artifactKey: Guid(447eaabd29a91394ea84130738744797) Importer(815301076,1909f56bfc062723c751e8b465ee728b)
Start importing Assets/FuentesTexto/Bungler.ttf using Guid(447eaabd29a91394ea84130738744797) Importer(815301076,1909f56bfc062723c751e8b465ee728b)  -> (artifact id: '73be3ec17935033f0de89578b5ed5607') in 0.336143 seconds 
  Import took 0.399999 seconds .

========================================================================
Received Import Request.
  Time since last request: 4.725632 seconds.
  path: Assets/FuentesTexto/BunglerLight.ttf
  artifactKey: Guid(a0f2c5e3e95946f4085ab9847a4cb432) Importer(815301076,1909f56bfc062723c751e8b465ee728b)
Start importing Assets/FuentesTexto/BunglerLight.ttf using Guid(a0f2c5e3e95946f4085ab9847a4cb432) Importer(815301076,1909f56bfc062723c751e8b465ee728b)  -> (artifact id: '53d079add14eb74339e21a41b6cdc5a4') in 0.122430 seconds 
  Import took 0.172763 seconds .

========================================================================
Received Import Request.
  Time since last request: 5.004487 seconds.
  path: Assets/FuentesTexto/Franchise.ttf
  artifactKey: Guid(bfab8a660196d1a48a2ba9351f1adbe6) Importer(815301076,1909f56bfc062723c751e8b465ee728b)
Start importing Assets/FuentesTexto/Franchise.ttf using Guid(bfab8a660196d1a48a2ba9351f1adbe6) Importer(815301076,1909f56bfc062723c751e8b465ee728b)  -> (artifact id: 'f06f56d5da7e03beb4b91547f01a15cc') in 0.101443 seconds 
  Import took 0.124568 seconds .

========================================================================
Received Import Request.
  Time since last request: 5.690438 seconds.
  path: Assets/FuentesTexto/FranchiseFilled.ttf
  artifactKey: Guid(0b05d6634f64a214a84761c45ecc22ec) Importer(815301076,1909f56bfc062723c751e8b465ee728b)
Start importing Assets/FuentesTexto/FranchiseFilled.ttf using Guid(0b05d6634f64a214a84761c45ecc22ec) Importer(815301076,1909f56bfc062723c751e8b465ee728b)  -> (artifact id: '01417b48737caf9c6238ca0a79e3bf0b') in 0.125296 seconds 
  Import took 0.132074 seconds .

========================================================================
Received Import Request.
  Time since last request: 5.629209 seconds.
  path: Assets/FuentesTexto/Neon.ttf
  artifactKey: Guid(90bd88b92973c074b8348f900221f545) Importer(815301076,1909f56bfc062723c751e8b465ee728b)
Start importing Assets/FuentesTexto/Neon.ttf using Guid(90bd88b92973c074b8348f900221f545) Importer(815301076,1909f56bfc062723c751e8b465ee728b)  -> (artifact id: '40a68bd1893b48d95689841c382e02be') in 0.094766 seconds 
  Import took 0.124473 seconds .

========================================================================
Received Prepare
Registering precompiled user dll's ...
Registered in 1.281942 seconds.
Begin MonoManager ReloadAssembly
Native extension for WindowsStandalone target not found
Refreshing native plugins compatible for Editor in 0.65 ms, found 2 plugins.
Preloading 0 native plugins for Editor in 0.00 ms.
Mono: successfully reloaded assembly
- Completed reload, in  6.724 seconds
Domain Reload Profiling:
	ReloadAssembly (6726ms)
		BeginReloadAssembly (1407ms)
			ExecutionOrderSort (0ms)
			DisableScriptedObjects (49ms)
			BackupInstance (0ms)
			ReleaseScriptingObjects (0ms)
			CreateAndSetChildDomain (717ms)
		EndReloadAssembly (4388ms)
			LoadAssemblies (972ms)
			RebuildTransferFunctionScriptingTraits (0ms)
			SetupTypeCache (2081ms)
			ReleaseScriptCaches (2ms)
			RebuildScriptCaches (191ms)
			SetupLoadedEditorAssemblies (1095ms)
				LogAssemblyErrors (0ms)
				InitializePlatformSupportModulesInManaged (14ms)
				SetLoadedEditorAssemblies (1ms)
				RefreshPlugins (1ms)
				BeforeProcessingInitializeOnLoad (201ms)
				ProcessInitializeOnLoadAttributes (850ms)
				ProcessInitializeOnLoadMethodAttributes (9ms)
				AfterProcessingInitializeOnLoad (18ms)
				EditorAssembliesLoaded (1ms)
			ExecutionOrderSort2 (0ms)
			AwakeInstancesAfterBackupRestoration (20ms)
Platform modules already initialized, skipping
Refreshing native plugins compatible for Editor in 0.63 ms, found 2 plugins.
Preloading 0 native plugins for Editor in 0.00 ms.
Unloading 1406 Unused Serialized files (Serialized files now loaded: 0)
System memory in use before: 68.9 MB.
System memory in use after: 69.0 MB.

Unloading 13 unused Assets to reduce memory usage. Loaded Objects now: 1896.
Total: 6.195700 ms (FindLiveObjects: 0.398700 ms CreateObjectMapping: 0.127600 ms MarkObjects: 5.626600 ms  DeleteObjects: 0.039700 ms)

AssetImportParameters requested are different than current active one (requested -> active):
  custom:framework-win-MediaFoundation: 216162199b28c13a410421893ffa2e32 -> 
  custom:video-decoder-ogg-theora: a1e56fd34408186e4bbccfd4996cb3dc -> 
  custom:container-muxer-webm: aa71ff27fc2769a1b78a27578f13a17b -> 
  custom:container-demuxer-webm: 4f35f7cbe854078d1ac9338744f61a02 -> 
  custom:container-demuxer-ogg: 62fdf1f143b41e24485cea50d1cbac27 -> 
  custom:video-encoder-webm-vp8: eb34c28f22e8b96e1ab97ce403110664 -> 
  custom:video-decoder-webm-vp8: 9c59270c3fd7afecdb556c50c9e8de78 -> 
  custom:audio-decoder-ogg-vorbis: bf7c407c2cedff20999df2af8eb42d56 -> 
  custom:audio-encoder-webm-vorbis: bf7c407c2cedff20999df2af8eb42d56 -> 
========================================================================
Received Import Request.
  Time since last request: 802.945003 seconds.
  path: Assets/textures/gomita/perfilPanda.png
  artifactKey: Guid(7a05d4ac0067b9b4ca78af81fdc8653a) Importer(815301076,1909f56bfc062723c751e8b465ee728b)
Start importing Assets/textures/gomita/perfilPanda.png using Guid(7a05d4ac0067b9b4ca78af81fdc8653a) Importer(815301076,1909f56bfc062723c751e8b465ee728b)  -> (artifact id: '6da46705126788e08c001edf81276122') in 0.440986 seconds 
  Import took 0.446878 seconds .

========================================================================
Received Import Request.
  Time since last request: 0.000103 seconds.
  path: Assets/textures/panda/EM.png
  artifactKey: Guid(c116bfe0ae2287a4b9078fb1348e99c4) Importer(815301076,1909f56bfc062723c751e8b465ee728b)
Start importing Assets/textures/panda/EM.png using Guid(c116bfe0ae2287a4b9078fb1348e99c4) Importer(815301076,1909f56bfc062723c751e8b465ee728b)  -> (artifact id: '863276e01c5ae0bb87575bbe43500872') in 0.189981 seconds 
  Import took 0.361100 seconds .

========================================================================
Received Import Request.
  Time since last request: 71.404114 seconds.
  path: Assets/prefabs/rasho.prefab
  artifactKey: Guid(89dd4556655c5c44d8c74395ab1609a4) Importer(815301076,1909f56bfc062723c751e8b465ee728b)
Start importing Assets/prefabs/rasho.prefab using Guid(89dd4556655c5c44d8c74395ab1609a4) Importer(815301076,1909f56bfc062723c751e8b465ee728b)  -> (artifact id: '23927652bcf879e29d1ff74593bbcd83') in 0.442654 seconds 
  Import took 0.478515 seconds .

========================================================================
Received Import Request.
  Time since last request: 2.846560 seconds.
  path: Assets/materials/balaC.mat
  artifactKey: Guid(e1382ae68a1e60346b24dadb624d0638) Importer(815301076,1909f56bfc062723c751e8b465ee728b)
Start importing Assets/materials/balaC.mat using Guid(e1382ae68a1e60346b24dadb624d0638) Importer(815301076,1909f56bfc062723c751e8b465ee728b)  -> (artifact id: '491fc6d9f65921f250261943f6b4679e') in 0.358372 seconds 
  Import took 0.383997 seconds .

========================================================================
Received Import Request.
  Time since last request: 0.000592 seconds.
  path: Assets/models/Materials/defaultMat.mat
  artifactKey: Guid(a47ec817d04411842b629e8024084c74) Importer(815301076,1909f56bfc062723c751e8b465ee728b)
Start importing Assets/models/Materials/defaultMat.mat using Guid(a47ec817d04411842b629e8024084c74) Importer(815301076,1909f56bfc062723c751e8b465ee728b)  -> (artifact id: 'c6381dcdc43ecb700c003366f8fc38da') in 1.512746 seconds 
  Import took 1.622373 seconds .

========================================================================
Received Import Request.
  Time since last request: 0.000424 seconds.
  path: Assets/materials/New Material 1.mat
  artifactKey: Guid(1580b4c0ec04b364fa7633358a096a5a) Importer(815301076,1909f56bfc062723c751e8b465ee728b)
Start importing Assets/materials/New Material 1.mat using Guid(1580b4c0ec04b364fa7633358a096a5a) Importer(815301076,1909f56bfc062723c751e8b465ee728b)  -> (artifact id: '223cdc746b4117bf387628a7ed054b8b') in 0.253698 seconds 
  Import took 0.301269 seconds .

========================================================================
Received Import Request.
  Time since last request: 0.000387 seconds.
  path: Assets/materials/New Material 2.mat
  artifactKey: Guid(50b7a5613bb40b9469d95c1ea723e928) Importer(815301076,1909f56bfc062723c751e8b465ee728b)
Start importing Assets/materials/New Material 2.mat using Guid(50b7a5613bb40b9469d95c1ea723e928) Importer(815301076,1909f56bfc062723c751e8b465ee728b)  -> (artifact id: '4347c30950ccfaaa5ab978725e3f7ffd') in 0.228897 seconds 
  Import took 0.321292 seconds .

========================================================================
Received Import Request.
  Time since last request: 0.000427 seconds.
  path: Assets/models/armaPaleta.obj
  artifactKey: Guid(1ed890f406dee744c86a33804d78cfdf) Importer(815301076,1909f56bfc062723c751e8b465ee728b)
Start importing Assets/models/armaPaleta.obj using Guid(1ed890f406dee744c86a33804d78cfdf) Importer(815301076,1909f56bfc062723c751e8b465ee728b)  -> (artifact id: 'd782e9156a76ad00838b3a348e8838c9') in 1.140605 seconds 
  Import took 1.253627 seconds .

========================================================================
Received Import Request.
  Time since last request: 0.079968 seconds.
  path: Assets/materials/gomitaM.mat
  artifactKey: Guid(41a668d00f5815243b1c8f3493b42a58) Importer(815301076,1909f56bfc062723c751e8b465ee728b)
Start importing Assets/materials/gomitaM.mat using Guid(41a668d00f5815243b1c8f3493b42a58) Importer(815301076,1909f56bfc062723c751e8b465ee728b)  -> (artifact id: '09d6d12664ef9085439c82c35fd7eb48') in 0.300801 seconds 
  Import took 0.327856 seconds .

========================================================================
Received Import Request.
  Time since last request: 0.000421 seconds.
  path: Assets/materials/cielo.mat
  artifactKey: Guid(38ed5306a80d3f64086a82912bd89a6d) Importer(815301076,1909f56bfc062723c751e8b465ee728b)
Start importing Assets/materials/cielo.mat using Guid(38ed5306a80d3f64086a82912bd89a6d) Importer(815301076,1909f56bfc062723c751e8b465ee728b)  -> (artifact id: 'fa6b7a0f9f2285767346de193885ab14') in 0.762427 seconds 
  Import took 0.932742 seconds .

========================================================================
Received Import Request.
  Time since last request: 0.066654 seconds.
  path: Assets/materials/New Material.mat
  artifactKey: Guid(eb2a8f5240eed5243b5dc2b07b5d6c2f) Importer(815301076,1909f56bfc062723c751e8b465ee728b)
Start importing Assets/materials/New Material.mat using Guid(eb2a8f5240eed5243b5dc2b07b5d6c2f) Importer(815301076,1909f56bfc062723c751e8b465ee728b)  -> (artifact id: '8f8114894fe1162052ccb83d51e0030e') in 0.377458 seconds 
  Import took 0.438173 seconds .

========================================================================
Received Import Request.
  Time since last request: 0.000920 seconds.
  path: Assets/materials/puntero.mat
  artifactKey: Guid(f0c7bfcebbc99c643ab970b7743e62d9) Importer(815301076,1909f56bfc062723c751e8b465ee728b)
Start importing Assets/materials/puntero.mat using Guid(f0c7bfcebbc99c643ab970b7743e62d9) Importer(815301076,1909f56bfc062723c751e8b465ee728b)  -> (artifact id: 'f222ac668d7e2b133b5674a96f541ea6') in 0.195921 seconds 
  Import took 0.290770 seconds .

========================================================================
Received Import Request.
  Time since last request: 0.000387 seconds.
  path: Assets/materials/llaveMat.mat
  artifactKey: Guid(512a293e14eb9d44f968d892cadce4d9) Importer(815301076,1909f56bfc062723c751e8b465ee728b)
Start importing Assets/materials/llaveMat.mat using Guid(512a293e14eb9d44f968d892cadce4d9) Importer(815301076,1909f56bfc062723c751e8b465ee728b)  -> (artifact id: 'b6543dafa6713dd2af67c6e3b7cdf7c4') in 0.214930 seconds 
  Import took 0.805046 seconds .

========================================================================
Received Import Request.
  Time since last request: 0.000802 seconds.
  path: Assets/models/GomitaMalvcada.obj
  artifactKey: Guid(ac399121dc764a948a1146c06504eea3) Importer(815301076,1909f56bfc062723c751e8b465ee728b)
Start importing Assets/models/GomitaMalvcada.obj using Guid(ac399121dc764a948a1146c06504eea3) Importer(815301076,1909f56bfc062723c751e8b465ee728b)  -> (artifact id: 'c88b25b4ec777a72891e629abb8cd0ed') in 0.250045 seconds 
  Import took 0.487629 seconds .

========================================================================
Received Import Request.
  Time since last request: 0.000780 seconds.
  path: Assets/materials/Materials/paleta_color.mat
  artifactKey: Guid(3a02c2ddbb3af1f4eafe87d61de84638) Importer(815301076,1909f56bfc062723c751e8b465ee728b)
Start importing Assets/materials/Materials/paleta_color.mat using Guid(3a02c2ddbb3af1f4eafe87d61de84638) Importer(815301076,1909f56bfc062723c751e8b465ee728b)  -> (artifact id: '4384c1f9dc9a8947200571ea6b399e20') in 0.487202 seconds 
  Import took 0.595294 seconds .

========================================================================
Received Import Request.
  Time since last request: 1.931959 seconds.
  path: Assets/materials/nubes.jpg
  artifactKey: Guid(4f379a89e79998b4ca0a426030c56262) Importer(815301076,1909f56bfc062723c751e8b465ee728b)
Start importing Assets/materials/nubes.jpg using Guid(4f379a89e79998b4ca0a426030c56262) Importer(815301076,1909f56bfc062723c751e8b465ee728b)  -> (artifact id: '3ecb564b255c71a77dff18fc59e0a925') in 0.430162 seconds 
  Import took 0.458163 seconds .

========================================================================
Received Import Request.
  Time since last request: 0.000389 seconds.
  path: Assets/materials/paleta_color.png
  artifactKey: Guid(e9e99871ac2a62344bd92b5c23d242b9) Importer(815301076,1909f56bfc062723c751e8b465ee728b)
Start importing Assets/materials/paleta_color.png using Guid(e9e99871ac2a62344bd92b5c23d242b9) Importer(815301076,1909f56bfc062723c751e8b465ee728b)  -> (artifact id: 'b3e7b60cbe9568d663db690e1fc3a6a5') in 0.247485 seconds 
  Import took 0.425677 seconds .

========================================================================
Received Import Request.
  Time since last request: 0.127089 seconds.
  path: Assets/materials/skybox.jpg
  artifactKey: Guid(ce9e84a6aaec0534a8331a7a556445a1) Importer(815301076,1909f56bfc062723c751e8b465ee728b)
Start importing Assets/materials/skybox.jpg using Guid(ce9e84a6aaec0534a8331a7a556445a1) Importer(815301076,1909f56bfc062723c751e8b465ee728b)  -> (artifact id: '69dfc78a1023e902346e9badcb738ea1') in 1.140611 seconds 
  Import took 1.247666 seconds .

========================================================================
Received Prepare
Registering precompiled user dll's ...
Registered in 0.012087 seconds.
Begin MonoManager ReloadAssembly
Native extension for WindowsStandalone target not found
Refreshing native plugins compatible for Editor in 0.68 ms, found 2 plugins.
Preloading 0 native plugins for Editor in 0.00 ms.
Mono: successfully reloaded assembly
- Completed reload, in  7.954 seconds
Domain Reload Profiling:
	ReloadAssembly (7955ms)
		BeginReloadAssembly (406ms)
			ExecutionOrderSort (0ms)
			DisableScriptedObjects (12ms)
			BackupInstance (0ms)
			ReleaseScriptingObjects (0ms)
			CreateAndSetChildDomain (111ms)
		EndReloadAssembly (7012ms)
			LoadAssemblies (488ms)
			RebuildTransferFunctionScriptingTraits (0ms)
			SetupTypeCache (1169ms)
			ReleaseScriptCaches (2ms)
			RebuildScriptCaches (127ms)
			SetupLoadedEditorAssemblies (4206ms)
				LogAssemblyErrors (0ms)
				InitializePlatformSupportModulesInManaged (24ms)
				SetLoadedEditorAssemblies (1ms)
				RefreshPlugins (1ms)
				BeforeProcessingInitializeOnLoad (715ms)
				ProcessInitializeOnLoadAttributes (3416ms)
				ProcessInitializeOnLoadMethodAttributes (27ms)
				AfterProcessingInitializeOnLoad (22ms)
				EditorAssembliesLoaded (1ms)
			ExecutionOrderSort2 (0ms)
			AwakeInstancesAfterBackupRestoration (201ms)
Platform modules already initialized, skipping
Refreshing native plugins compatible for Editor in 0.71 ms, found 2 plugins.
Preloading 0 native plugins for Editor in 0.00 ms.
Unloading 1406 Unused Serialized files (Serialized files now loaded: 0)
System memory in use before: 69.2 MB.
System memory in use after: 69.3 MB.

Unloading 13 unused Assets to reduce memory usage. Loaded Objects now: 1906.
Total: 7.950200 ms (FindLiveObjects: 0.365100 ms CreateObjectMapping: 0.090500 ms MarkObjects: 7.444100 ms  DeleteObjects: 0.047300 ms)

AssetImportParameters requested are different than current active one (requested -> active):
  custom:framework-win-MediaFoundation: 216162199b28c13a410421893ffa2e32 -> 
  custom:video-decoder-ogg-theora: a1e56fd34408186e4bbccfd4996cb3dc -> 
  custom:container-muxer-webm: aa71ff27fc2769a1b78a27578f13a17b -> 
  custom:container-demuxer-webm: 4f35f7cbe854078d1ac9338744f61a02 -> 
  custom:container-demuxer-ogg: 62fdf1f143b41e24485cea50d1cbac27 -> 
  custom:video-encoder-webm-vp8: eb34c28f22e8b96e1ab97ce403110664 -> 
  custom:video-decoder-webm-vp8: 9c59270c3fd7afecdb556c50c9e8de78 -> 
  custom:audio-decoder-ogg-vorbis: bf7c407c2cedff20999df2af8eb42d56 -> 
  custom:audio-encoder-webm-vorbis: bf7c407c2cedff20999df2af8eb42d56 -> 
========================================================================
Received Prepare
Registering precompiled user dll's ...
Registered in 3.151942 seconds.
Begin MonoManager ReloadAssembly
Native extension for WindowsStandalone target not found
Refreshing native plugins compatible for Editor in 1.77 ms, found 2 plugins.
Preloading 0 native plugins for Editor in 0.00 ms.
Mono: successfully reloaded assembly
- Completed reload, in 24.352 seconds
Domain Reload Profiling:
	ReloadAssembly (24353ms)
		BeginReloadAssembly (10548ms)
			ExecutionOrderSort (0ms)
			DisableScriptedObjects (36ms)
			BackupInstance (0ms)
			ReleaseScriptingObjects (0ms)
			CreateAndSetChildDomain (1367ms)
		EndReloadAssembly (9503ms)
			LoadAssemblies (6745ms)
			RebuildTransferFunctionScriptingTraits (0ms)
			SetupTypeCache (3271ms)
			ReleaseScriptCaches (4ms)
			RebuildScriptCaches (340ms)
			SetupLoadedEditorAssemblies (4179ms)
				LogAssemblyErrors (0ms)
				InitializePlatformSupportModulesInManaged (31ms)
				SetLoadedEditorAssemblies (1ms)
				RefreshPlugins (2ms)
				BeforeProcessingInitializeOnLoad (695ms)
				ProcessInitializeOnLoadAttributes (3294ms)
				ProcessInitializeOnLoadMethodAttributes (30ms)
				AfterProcessingInitializeOnLoad (117ms)
				EditorAssembliesLoaded (8ms)
			ExecutionOrderSort2 (0ms)
			AwakeInstancesAfterBackupRestoration (61ms)
Platform modules already initialized, skipping
Refreshing native plugins compatible for Editor in 0.74 ms, found 2 plugins.
Preloading 0 native plugins for Editor in 0.00 ms.
Unloading 1407 Unused Serialized files (Serialized files now loaded: 0)
System memory in use before: 69.2 MB.
System memory in use after: 69.3 MB.

Unloading 13 unused Assets to reduce memory usage. Loaded Objects now: 1909.
Total: 15.945400 ms (FindLiveObjects: 0.620500 ms CreateObjectMapping: 0.159400 ms MarkObjects: 15.116200 ms  DeleteObjects: 0.044800 ms)

AssetImportParameters requested are different than current active one (requested -> active):
  custom:framework-win-MediaFoundation: 216162199b28c13a410421893ffa2e32 -> 
  custom:video-decoder-ogg-theora: a1e56fd34408186e4bbccfd4996cb3dc -> 
  custom:container-muxer-webm: aa71ff27fc2769a1b78a27578f13a17b -> 
  custom:container-demuxer-webm: 4f35f7cbe854078d1ac9338744f61a02 -> 
  custom:container-demuxer-ogg: 62fdf1f143b41e24485cea50d1cbac27 -> 
  custom:video-encoder-webm-vp8: eb34c28f22e8b96e1ab97ce403110664 -> 
  custom:video-decoder-webm-vp8: 9c59270c3fd7afecdb556c50c9e8de78 -> 
  custom:audio-decoder-ogg-vorbis: bf7c407c2cedff20999df2af8eb42d56 -> 
  custom:audio-encoder-webm-vorbis: bf7c407c2cedff20999df2af8eb42d56 -> 
========================================================================
Received Prepare
Registering precompiled user dll's ...
Registered in 0.028334 seconds.
Begin MonoManager ReloadAssembly
Native extension for WindowsStandalone target not found
Refreshing native plugins compatible for Editor in 0.74 ms, found 2 plugins.
Preloading 0 native plugins for Editor in 0.00 ms.
Mono: successfully reloaded assembly
- Completed reload, in 17.041 seconds
Domain Reload Profiling:
	ReloadAssembly (17042ms)
		BeginReloadAssembly (984ms)
			ExecutionOrderSort (0ms)
			DisableScriptedObjects (98ms)
			BackupInstance (0ms)
			ReleaseScriptingObjects (0ms)
			CreateAndSetChildDomain (289ms)
		EndReloadAssembly (15269ms)
			LoadAssemblies (1296ms)
			RebuildTransferFunctionScriptingTraits (0ms)
			SetupTypeCache (4021ms)
			ReleaseScriptCaches (5ms)
			RebuildScriptCaches (230ms)
			SetupLoadedEditorAssemblies (9122ms)
				LogAssemblyErrors (0ms)
				InitializePlatformSupportModulesInManaged (32ms)
				SetLoadedEditorAssemblies (5ms)
				RefreshPlugins (1ms)
				BeforeProcessingInitializeOnLoad (725ms)
				ProcessInitializeOnLoadAttributes (8237ms)
				ProcessInitializeOnLoadMethodAttributes (37ms)
				AfterProcessingInitializeOnLoad (84ms)
				EditorAssembliesLoaded (1ms)
			ExecutionOrderSort2 (0ms)
			AwakeInstancesAfterBackupRestoration (50ms)
Platform modules already initialized, skipping
Refreshing native plugins compatible for Editor in 1.03 ms, found 2 plugins.
Preloading 0 native plugins for Editor in 0.00 ms.
Unloading 1407 Unused Serialized files (Serialized files now loaded: 0)
System memory in use before: 69.2 MB.
System memory in use after: 69.3 MB.

Unloading 13 unused Assets to reduce memory usage. Loaded Objects now: 1911.
Total: 16.948700 ms (FindLiveObjects: 5.215300 ms CreateObjectMapping: 0.105300 ms MarkObjects: 11.581100 ms  DeleteObjects: 0.043000 ms)

AssetImportParameters requested are different than current active one (requested -> active):
  custom:framework-win-MediaFoundation: 216162199b28c13a410421893ffa2e32 -> 
  custom:video-decoder-ogg-theora: a1e56fd34408186e4bbccfd4996cb3dc -> 
  custom:container-muxer-webm: aa71ff27fc2769a1b78a27578f13a17b -> 
  custom:container-demuxer-webm: 4f35f7cbe854078d1ac9338744f61a02 -> 
  custom:container-demuxer-ogg: 62fdf1f143b41e24485cea50d1cbac27 -> 
  custom:video-encoder-webm-vp8: eb34c28f22e8b96e1ab97ce403110664 -> 
  custom:video-decoder-webm-vp8: 9c59270c3fd7afecdb556c50c9e8de78 -> 
  custom:audio-decoder-ogg-vorbis: bf7c407c2cedff20999df2af8eb42d56 -> 
  custom:audio-encoder-webm-vorbis: bf7c407c2cedff20999df2af8eb42d56 -> 
========================================================================
Received Import Request.
  Time since last request: 1648.528378 seconds.
  path: Assets/Scripts/LevelLoader.cs
  artifactKey: Guid(d9276a8fa70e0454a85feec5c4779683) Importer(815301076,1909f56bfc062723c751e8b465ee728b)
Start importing Assets/Scripts/LevelLoader.cs using Guid(d9276a8fa70e0454a85feec5c4779683) Importer(815301076,1909f56bfc062723c751e8b465ee728b)  -> (artifact id: '9f7089cf2dc239d6462eb9d6baf70b2a') in 1.653214 seconds 
  Import took 1.723085 seconds .

========================================================================
Received Prepare
Registering precompiled user dll's ...
Registered in 0.295073 seconds.
Begin MonoManager ReloadAssembly
Native extension for WindowsStandalone target not found
Refreshing native plugins compatible for Editor in 2.63 ms, found 2 plugins.
Preloading 0 native plugins for Editor in 0.00 ms.
Mono: successfully reloaded assembly
- Completed reload, in  6.391 seconds
Domain Reload Profiling:
	ReloadAssembly (6393ms)
		BeginReloadAssembly (764ms)
			ExecutionOrderSort (0ms)
			DisableScriptedObjects (41ms)
			BackupInstance (0ms)
			ReleaseScriptingObjects (0ms)
			CreateAndSetChildDomain (292ms)
		EndReloadAssembly (5290ms)
			LoadAssemblies (627ms)
			RebuildTransferFunctionScriptingTraits (0ms)
			SetupTypeCache (2021ms)
			ReleaseScriptCaches (7ms)
			RebuildScriptCaches (164ms)
			SetupLoadedEditorAssemblies (1903ms)
				LogAssemblyErrors (0ms)
				InitializePlatformSupportModulesInManaged (17ms)
				SetLoadedEditorAssemblies (5ms)
				RefreshPlugins (3ms)
				BeforeProcessingInitializeOnLoad (342ms)
				ProcessInitializeOnLoadAttributes (1410ms)
				ProcessInitializeOnLoadMethodAttributes (90ms)
				AfterProcessingInitializeOnLoad (36ms)
				EditorAssembliesLoaded (0ms)
			ExecutionOrderSort2 (0ms)
			AwakeInstancesAfterBackupRestoration (28ms)
Platform modules already initialized, skipping
Refreshing native plugins compatible for Editor in 0.59 ms, found 2 plugins.
Preloading 0 native plugins for Editor in 0.00 ms.
Unloading 1407 Unused Serialized files (Serialized files now loaded: 0)
System memory in use before: 69.3 MB.
System memory in use after: 69.4 MB.

Unloading 13 unused Assets to reduce memory usage. Loaded Objects now: 1913.
Total: 10.399500 ms (FindLiveObjects: 0.779900 ms CreateObjectMapping: 0.166300 ms MarkObjects: 9.307500 ms  DeleteObjects: 0.139900 ms)

AssetImportParameters requested are different than current active one (requested -> active):
  custom:framework-win-MediaFoundation: 216162199b28c13a410421893ffa2e32 -> 
  custom:video-decoder-ogg-theora: a1e56fd34408186e4bbccfd4996cb3dc -> 
  custom:container-muxer-webm: aa71ff27fc2769a1b78a27578f13a17b -> 
  custom:container-demuxer-webm: 4f35f7cbe854078d1ac9338744f61a02 -> 
  custom:container-demuxer-ogg: 62fdf1f143b41e24485cea50d1cbac27 -> 
  custom:video-encoder-webm-vp8: eb34c28f22e8b96e1ab97ce403110664 -> 
  custom:video-decoder-webm-vp8: 9c59270c3fd7afecdb556c50c9e8de78 -> 
  custom:audio-decoder-ogg-vorbis: bf7c407c2cedff20999df2af8eb42d56 -> 
  custom:audio-encoder-webm-vorbis: bf7c407c2cedff20999df2af8eb42d56 -> 
========================================================================
Received Prepare
Registering precompiled user dll's ...
Registered in 0.022778 seconds.
Begin MonoManager ReloadAssembly
Native extension for WindowsStandalone target not found
Refreshing native plugins compatible for Editor in 1.09 ms, found 2 plugins.
Preloading 0 native plugins for Editor in 0.00 ms.
Mono: successfully reloaded assembly
- Completed reload, in 49.208 seconds
Domain Reload Profiling:
	ReloadAssembly (49213ms)
		BeginReloadAssembly (1220ms)
			ExecutionOrderSort (0ms)
			DisableScriptedObjects (42ms)
			BackupInstance (0ms)
			ReleaseScriptingObjects (0ms)
			CreateAndSetChildDomain (330ms)
		EndReloadAssembly (46949ms)
			LoadAssemblies (1771ms)
			RebuildTransferFunctionScriptingTraits (0ms)
			SetupTypeCache (6963ms)
			ReleaseScriptCaches (9ms)
			RebuildScriptCaches (1993ms)
			SetupLoadedEditorAssemblies (29469ms)
				LogAssemblyErrors (0ms)
				InitializePlatformSupportModulesInManaged (67ms)
				SetLoadedEditorAssemblies (1ms)
				RefreshPlugins (1ms)
				BeforeProcessingInitializeOnLoad (13399ms)
				ProcessInitializeOnLoadAttributes (15803ms)
				ProcessInitializeOnLoadMethodAttributes (65ms)
				AfterProcessingInitializeOnLoad (133ms)
				EditorAssembliesLoaded (1ms)
			ExecutionOrderSort2 (0ms)
			AwakeInstancesAfterBackupRestoration (128ms)
Platform modules already initialized, skipping
Refreshing native plugins compatible for Editor in 3.65 ms, found 2 plugins.
Preloading 0 native plugins for Editor in 0.00 ms.
Unloading 1407 Unused Serialized files (Serialized files now loaded: 0)
System memory in use before: 69.3 MB.
System memory in use after: 69.4 MB.

Unloading 13 unused Assets to reduce memory usage. Loaded Objects now: 1915.
Total: 82.188100 ms (FindLiveObjects: 0.384600 ms CreateObjectMapping: 0.109900 ms MarkObjects: 81.645200 ms  DeleteObjects: 0.044800 ms)

AssetImportParameters requested are different than current active one (requested -> active):
  custom:framework-win-MediaFoundation: 216162199b28c13a410421893ffa2e32 -> 
  custom:video-decoder-ogg-theora: a1e56fd34408186e4bbccfd4996cb3dc -> 
  custom:container-muxer-webm: aa71ff27fc2769a1b78a27578f13a17b -> 
  custom:container-demuxer-webm: 4f35f7cbe854078d1ac9338744f61a02 -> 
  custom:container-demuxer-ogg: 62fdf1f143b41e24485cea50d1cbac27 -> 
  custom:video-encoder-webm-vp8: eb34c28f22e8b96e1ab97ce403110664 -> 
  custom:video-decoder-webm-vp8: 9c59270c3fd7afecdb556c50c9e8de78 -> 
  custom:audio-decoder-ogg-vorbis: bf7c407c2cedff20999df2af8eb42d56 -> 
  custom:audio-encoder-webm-vorbis: bf7c407c2cedff20999df2af8eb42d56 -> 
========================================================================
Received Prepare
Registering precompiled user dll's ...
Registered in 0.024681 seconds.
Begin MonoManager ReloadAssembly
Native extension for WindowsStandalone target not found
Refreshing native plugins compatible for Editor in 9.99 ms, found 2 plugins.
Preloading 0 native plugins for Editor in 0.00 ms.
Mono: successfully reloaded assembly
- Completed reload, in 53.268 seconds
Domain Reload Profiling:
	ReloadAssembly (53273ms)
		BeginReloadAssembly (2980ms)
			ExecutionOrderSort (0ms)
			DisableScriptedObjects (65ms)
			BackupInstance (0ms)
			ReleaseScriptingObjects (0ms)
			CreateAndSetChildDomain (490ms)
		EndReloadAssembly (46698ms)
			LoadAssemblies (3889ms)
			RebuildTransferFunctionScriptingTraits (0ms)
			SetupTypeCache (11324ms)
			ReleaseScriptCaches (3ms)
			RebuildScriptCaches (1766ms)
			SetupLoadedEditorAssemblies (23926ms)
				LogAssemblyErrors (0ms)
				InitializePlatformSupportModulesInManaged (140ms)
				SetLoadedEditorAssemblies (10ms)
				RefreshPlugins (15ms)
				BeforeProcessingInitializeOnLoad (2977ms)
				ProcessInitializeOnLoadAttributes (20644ms)
				ProcessInitializeOnLoadMethodAttributes (64ms)
				AfterProcessingInitializeOnLoad (70ms)
				EditorAssembliesLoaded (7ms)
			ExecutionOrderSort2 (0ms)
			AwakeInstancesAfterBackupRestoration (179ms)
Platform modules already initialized, skipping
Refreshing native plugins compatible for Editor in 0.90 ms, found 2 plugins.
Preloading 0 native plugins for Editor in 0.00 ms.
Unloading 1407 Unused Serialized files (Serialized files now loaded: 0)
System memory in use before: 69.3 MB.
System memory in use after: 69.4 MB.

Unloading 13 unused Assets to reduce memory usage. Loaded Objects now: 1917.
Total: 21.143900 ms (FindLiveObjects: 0.375300 ms CreateObjectMapping: 0.097700 ms MarkObjects: 20.537000 ms  DeleteObjects: 0.129100 ms)

AssetImportParameters requested are different than current active one (requested -> active):
  custom:framework-win-MediaFoundation: 216162199b28c13a410421893ffa2e32 -> 
  custom:video-decoder-ogg-theora: a1e56fd34408186e4bbccfd4996cb3dc -> 
  custom:container-muxer-webm: aa71ff27fc2769a1b78a27578f13a17b -> 
  custom:container-demuxer-webm: 4f35f7cbe854078d1ac9338744f61a02 -> 
  custom:container-demuxer-ogg: 62fdf1f143b41e24485cea50d1cbac27 -> 
  custom:video-encoder-webm-vp8: eb34c28f22e8b96e1ab97ce403110664 -> 
  custom:video-decoder-webm-vp8: 9c59270c3fd7afecdb556c50c9e8de78 -> 
  custom:audio-decoder-ogg-vorbis: bf7c407c2cedff20999df2af8eb42d56 -> 
  custom:audio-encoder-webm-vorbis: bf7c407c2cedff20999df2af8eb42d56 -> 
========================================================================
Received Prepare
Registering precompiled user dll's ...
Registered in 0.055130 seconds.
Begin MonoManager ReloadAssembly
Native extension for WindowsStandalone target not found
Refreshing native plugins compatible for Editor in 0.76 ms, found 2 plugins.
Preloading 0 native plugins for Editor in 0.00 ms.
Mono: successfully reloaded assembly
- Completed reload, in 273.069 seconds
Domain Reload Profiling:
	ReloadAssembly (273070ms)
		BeginReloadAssembly (2945ms)
			ExecutionOrderSort (0ms)
			DisableScriptedObjects (34ms)
			BackupInstance (0ms)
			ReleaseScriptingObjects (0ms)
			CreateAndSetChildDomain (276ms)
		EndReloadAssembly (260032ms)
			LoadAssemblies (24723ms)
			RebuildTransferFunctionScriptingTraits (0ms)
			SetupTypeCache (118694ms)
			ReleaseScriptCaches (4714ms)
			RebuildScriptCaches (14262ms)
			SetupLoadedEditorAssemblies (61388ms)
				LogAssemblyErrors (0ms)
				InitializePlatformSupportModulesInManaged (16ms)
				SetLoadedEditorAssemblies (1ms)
				RefreshPlugins (1ms)
				BeforeProcessingInitializeOnLoad (36783ms)
				ProcessInitializeOnLoadAttributes (24191ms)
				ProcessInitializeOnLoadMethodAttributes (195ms)
				AfterProcessingInitializeOnLoad (200ms)
				EditorAssembliesLoaded (1ms)
			ExecutionOrderSort2 (0ms)
			AwakeInstancesAfterBackupRestoration (43ms)
Platform modules already initialized, skipping
Refreshing native plugins compatible for Editor in 0.80 ms, found 2 plugins.
Preloading 0 native plugins for Editor in 0.00 ms.
Unloading 1407 Unused Serialized files (Serialized files now loaded: 0)
System memory in use before: 69.3 MB.
System memory in use after: 69.4 MB.

Unloading 13 unused Assets to reduce memory usage. Loaded Objects now: 1919.
Total: 16.099100 ms (FindLiveObjects: 0.366600 ms CreateObjectMapping: 0.079300 ms MarkObjects: 15.609400 ms  DeleteObjects: 0.040500 ms)

AssetImportParameters requested are different than current active one (requested -> active):
  custom:framework-win-MediaFoundation: 216162199b28c13a410421893ffa2e32 -> 
  custom:video-decoder-ogg-theora: a1e56fd34408186e4bbccfd4996cb3dc -> 
  custom:container-muxer-webm: aa71ff27fc2769a1b78a27578f13a17b -> 
  custom:container-demuxer-webm: 4f35f7cbe854078d1ac9338744f61a02 -> 
  custom:container-demuxer-ogg: 62fdf1f143b41e24485cea50d1cbac27 -> 
  custom:video-encoder-webm-vp8: eb34c28f22e8b96e1ab97ce403110664 -> 
  custom:video-decoder-webm-vp8: 9c59270c3fd7afecdb556c50c9e8de78 -> 
  custom:audio-decoder-ogg-vorbis: bf7c407c2cedff20999df2af8eb42d56 -> 
  custom:audio-encoder-webm-vorbis: bf7c407c2cedff20999df2af8eb42d56 -> 
========================================================================
Received Prepare
Refreshing native plugins compatible for Editor in 28.45 ms, found 2 plugins.
Preloading 0 native plugins for Editor in 0.00 ms.
Unloading 12 Unused Serialized files (Serialized files now loaded: 0)
System memory in use before: 41.7 MB.
System memory in use after: 41.8 MB.

Unloading 11 unused Assets to reduce memory usage. Loaded Objects now: 1919.
Total: 19.785900 ms (FindLiveObjects: 0.344700 ms CreateObjectMapping: 0.125600 ms MarkObjects: 19.209000 ms  DeleteObjects: 0.103400 ms)

AssetImportParameters requested are different than current active one (requested -> active):
  custom:framework-win-MediaFoundation: 216162199b28c13a410421893ffa2e32 -> 
  custom:video-decoder-ogg-theora: a1e56fd34408186e4bbccfd4996cb3dc -> 
  custom:container-muxer-webm: aa71ff27fc2769a1b78a27578f13a17b -> 
  custom:container-demuxer-webm: 4f35f7cbe854078d1ac9338744f61a02 -> 
  custom:container-demuxer-ogg: 62fdf1f143b41e24485cea50d1cbac27 -> 
  custom:video-encoder-webm-vp8: eb34c28f22e8b96e1ab97ce403110664 -> 
  custom:video-decoder-webm-vp8: 9c59270c3fd7afecdb556c50c9e8de78 -> 
  custom:audio-decoder-ogg-vorbis: bf7c407c2cedff20999df2af8eb42d56 -> 
  custom:audio-encoder-webm-vorbis: bf7c407c2cedff20999df2af8eb42d56 -> 
========================================================================
Received Import Request.
  Time since last request: 1663.071377 seconds.
  path: Assets/textures/panda/Colors.png
  artifactKey: Guid(1d8e402b349f3d442a76202b2bea111f) Importer(815301076,1909f56bfc062723c751e8b465ee728b)
Start importing Assets/textures/panda/Colors.png using Guid(1d8e402b349f3d442a76202b2bea111f) Importer(815301076,1909f56bfc062723c751e8b465ee728b)  -> (artifact id: '31d88f3d26982b7e7d8b17124b945621') in 6.691669 seconds 
  Import took 6.815059 seconds .

========================================================================
Received Import Request.
  Time since last request: 0.000425 seconds.
  path: Assets/audios/SFX/Laser.wav
  artifactKey: Guid(23bb432120690c54683177e65ee01cc8) Importer(815301076,1909f56bfc062723c751e8b465ee728b)
Start importing Assets/audios/SFX/Laser.wav using Guid(23bb432120690c54683177e65ee01cc8) Importer(815301076,1909f56bfc062723c751e8b465ee728b)  -> (artifact id: 'f488553476b9f8f340132720187ab029') in 8.106093 seconds 
  Import took 8.395602 seconds .

========================================================================
Received Import Request.
  Time since last request: 0.002112 seconds.
  path: Assets/audios/Music/SugarRush.mp3
  artifactKey: Guid(5cc71f9c0a54bf745bc3af5279c22968) Importer(815301076,1909f56bfc062723c751e8b465ee728b)
Start importing Assets/audios/Music/SugarRush.mp3 using Guid(5cc71f9c0a54bf745bc3af5279c22968) Importer(815301076,1909f56bfc062723c751e8b465ee728b)  -> (artifact id: '00388e26da709f48c3a375c960677644') in 0.366390 seconds 
  Import took 0.378792 seconds .

========================================================================
Received Import Request.
  Time since last request: 0.000440 seconds.
  path: Assets/textures/gomita/WhatsApp Image 2021-11-28 at 6.14.19 PM.jpeg
  artifactKey: Guid(947880c00c60fd04383440760c2215e4) Importer(815301076,1909f56bfc062723c751e8b465ee728b)
Start importing Assets/textures/gomita/WhatsApp Image 2021-11-28 at 6.14.19 PM.jpeg using Guid(947880c00c60fd04383440760c2215e4) Importer(815301076,1909f56bfc062723c751e8b465ee728b)  -> (artifact id: 'c5ef7faed9a04508856945e98bbb0010') in 0.484505 seconds 
  Import took 0.580374 seconds .

========================================================================
Received Import Request.
  Time since last request: 0.001200 seconds.
  path: Assets/textures/gomita/WhatsApp Image 2021-11-28 at 6.14.19 PM (1).jpeg
  artifactKey: Guid(755bd7a37b4549546a9c7400f0305716) Importer(815301076,1909f56bfc062723c751e8b465ee728b)
Start importing Assets/textures/gomita/WhatsApp Image 2021-11-28 at 6.14.19 PM (1).jpeg using Guid(755bd7a37b4549546a9c7400f0305716) Importer(815301076,1909f56bfc062723c751e8b465ee728b)  -> (artifact id: '5d5b2d8c5c5370c44cc0890525b21a39') in 1.612478 seconds 
  Import took 1.657433 seconds .

========================================================================
Received Import Request.
  Time since last request: 0.004237 seconds.
  path: Assets/audios/SFX/snd_break2.wav
  artifactKey: Guid(2e6232324e7d96b4db41cb60afec8d08) Importer(815301076,1909f56bfc062723c751e8b465ee728b)
Start importing Assets/audios/SFX/snd_break2.wav using Guid(2e6232324e7d96b4db41cb60afec8d08) Importer(815301076,1909f56bfc062723c751e8b465ee728b)  -> (artifact id: '657ad2aa2b5cda0e816ca31e2c8abd5a') in 0.268607 seconds 
  Import took 0.305016 seconds .

========================================================================
Received Import Request.
  Time since last request: 0.000924 seconds.
  path: Assets/textures/gomita/marco-tecnologico-1.png
  artifactKey: Guid(c101d802c99e5db43806a3d214d93ef3) Importer(815301076,1909f56bfc062723c751e8b465ee728b)
Start importing Assets/textures/gomita/marco-tecnologico-1.png using Guid(c101d802c99e5db43806a3d214d93ef3) Importer(815301076,1909f56bfc062723c751e8b465ee728b)  -> (artifact id: '8a4820aa8c9bcd56aec32927e14aa117') in 0.672038 seconds 
  Import took 0.738009 seconds .

========================================================================
Received Import Request.
  Time since last request: 0.000517 seconds.
  path: Assets/textures/gomita/futuristic-digital-glowing-tech-frame.jpg
  artifactKey: Guid(f63286f678e6a9848b305273ef809104) Importer(815301076,1909f56bfc062723c751e8b465ee728b)
Start importing Assets/textures/gomita/futuristic-digital-glowing-tech-frame.jpg using Guid(f63286f678e6a9848b305273ef809104) Importer(815301076,1909f56bfc062723c751e8b465ee728b)  -> (artifact id: '9fbf8c4c917f99785b4e021b854fbd6a') in 0.520189 seconds 
  Import took 1.638555 seconds .

========================================================================
Received Import Request.
  Time since last request: 0.000392 seconds.
  path: Assets/audios/SFX/PositiveHitsfx.wav
  artifactKey: Guid(74843ce960ca08241b96a8c314aa2950) Importer(815301076,1909f56bfc062723c751e8b465ee728b)
Start importing Assets/audios/SFX/PositiveHitsfx.wav using Guid(74843ce960ca08241b96a8c314aa2950) Importer(815301076,1909f56bfc062723c751e8b465ee728b)  -> (artifact id: '087e5a9c10ddbcfcc1cd32398f1ef605') in 0.442442 seconds 
  Import took 0.470992 seconds .

========================================================================
Received Import Request.
  Time since last request: 0.007646 seconds.
  path: Assets/textures/panda/Transparencia.png
  artifactKey: Guid(a61c5ae45ffdc974b98d2515d5a2ea25) Importer(815301076,1909f56bfc062723c751e8b465ee728b)
Start importing Assets/textures/panda/Transparencia.png using Guid(a61c5ae45ffdc974b98d2515d5a2ea25) Importer(815301076,1909f56bfc062723c751e8b465ee728b)  -> (artifact id: '4161c5693ccb545c7c138f19dc32b39c') in 0.995121 seconds 
  Import took 1.019115 seconds .

========================================================================
Received Import Request.
  Time since last request: 0.004700 seconds.
  path: Assets/textures/panda/metal.png
  artifactKey: Guid(2dfd11fa1b49de84da782dc2cebec481) Importer(815301076,1909f56bfc062723c751e8b465ee728b)
Start importing Assets/textures/panda/metal.png using Guid(2dfd11fa1b49de84da782dc2cebec481) Importer(815301076,1909f56bfc062723c751e8b465ee728b)  -> (artifact id: '3fc4f7a2b4e0193305c61e0bf0164756') in 0.549932 seconds 
  Import took 0.656480 seconds .

========================================================================
Received Import Request.
  Time since last request: 0.181904 seconds.
  path: Assets/textures/gomita/descarga (21).jpg
  artifactKey: Guid(615b7c2a3292a2a4a9a3b5e881c9fe62) Importer(815301076,1909f56bfc062723c751e8b465ee728b)
Start importing Assets/textures/gomita/descarga (21).jpg using Guid(615b7c2a3292a2a4a9a3b5e881c9fe62) Importer(815301076,1909f56bfc062723c751e8b465ee728b)  -> (artifact id: '08ff4dc5380fd27cc747c42570769d5f') in 1.039821 seconds 
  Import took 1.071819 seconds .

========================================================================
Received Import Request.
  Time since last request: 0.003077 seconds.
  path: Assets/models/pandita better.obj
  artifactKey: Guid(99f7d4d962693b14199c7dca1c15a98f) Importer(815301076,1909f56bfc062723c751e8b465ee728b)
Start importing Assets/models/pandita better.obj using Guid(99f7d4d962693b14199c7dca1c15a98f) Importer(815301076,1909f56bfc062723c751e8b465ee728b)  -> (artifact id: '4d423394d2a6a152f96daec7413a4750') in 4.213826 seconds 
  Import took 4.306695 seconds .

========================================================================
Received Import Request.
  Time since last request: 228.944172 seconds.
  path: Assets/Scripts/GameManager.cs
  artifactKey: Guid(ec8c37029fe302d4f93480738d6ee4c6) Importer(815301076,1909f56bfc062723c751e8b465ee728b)
Start importing Assets/Scripts/GameManager.cs using Guid(ec8c37029fe302d4f93480738d6ee4c6) Importer(815301076,1909f56bfc062723c751e8b465ee728b)  -> (artifact id: '8bc4ed0094ce3a080c1a775ee914c2e5') in 1.150599 seconds 
  Import took 1.204169 seconds .

========================================================================
Received Prepare
Registering precompiled user dll's ...
Registered in 0.018334 seconds.
Begin MonoManager ReloadAssembly
Native extension for WindowsStandalone target not found
Refreshing native plugins compatible for Editor in 6.03 ms, found 2 plugins.
Preloading 0 native plugins for Editor in 0.00 ms.
Mono: successfully reloaded assembly
- Completed reload, in 16.507 seconds
Domain Reload Profiling:
	ReloadAssembly (16509ms)
		BeginReloadAssembly (1190ms)
			ExecutionOrderSort (0ms)
			DisableScriptedObjects (49ms)
			BackupInstance (0ms)
			ReleaseScriptingObjects (0ms)
			CreateAndSetChildDomain (298ms)
		EndReloadAssembly (13625ms)
			LoadAssemblies (1225ms)
			RebuildTransferFunctionScriptingTraits (0ms)
			SetupTypeCache (5301ms)
			ReleaseScriptCaches (10ms)
			RebuildScriptCaches (507ms)
			SetupLoadedEditorAssemblies (5129ms)
				LogAssemblyErrors (0ms)
				InitializePlatformSupportModulesInManaged (109ms)
				SetLoadedEditorAssemblies (2ms)
				RefreshPlugins (6ms)
				BeforeProcessingInitializeOnLoad (1403ms)
				ProcessInitializeOnLoadAttributes (3464ms)
				ProcessInitializeOnLoadMethodAttributes (75ms)
				AfterProcessingInitializeOnLoad (69ms)
				EditorAssembliesLoaded (1ms)
			ExecutionOrderSort2 (0ms)
			AwakeInstancesAfterBackupRestoration (69ms)
Platform modules already initialized, skipping
Refreshing native plugins compatible for Editor in 2.81 ms, found 2 plugins.
Preloading 0 native plugins for Editor in 0.00 ms.
Unloading 1407 Unused Serialized files (Serialized files now loaded: 0)
System memory in use before: 69.5 MB.
System memory in use after: 69.6 MB.

Unloading 13 unused Assets to reduce memory usage. Loaded Objects now: 1926.
Total: 18.818800 ms (FindLiveObjects: 0.371600 ms CreateObjectMapping: 0.094400 ms MarkObjects: 15.262700 ms  DeleteObjects: 3.086200 ms)

AssetImportParameters requested are different than current active one (requested -> active):
  custom:framework-win-MediaFoundation: 216162199b28c13a410421893ffa2e32 -> 
  custom:video-decoder-ogg-theora: a1e56fd34408186e4bbccfd4996cb3dc -> 
  custom:container-muxer-webm: aa71ff27fc2769a1b78a27578f13a17b -> 
  custom:container-demuxer-webm: 4f35f7cbe854078d1ac9338744f61a02 -> 
  custom:container-demuxer-ogg: 62fdf1f143b41e24485cea50d1cbac27 -> 
  custom:video-encoder-webm-vp8: eb34c28f22e8b96e1ab97ce403110664 -> 
  custom:video-decoder-webm-vp8: 9c59270c3fd7afecdb556c50c9e8de78 -> 
  custom:audio-decoder-ogg-vorbis: bf7c407c2cedff20999df2af8eb42d56 -> 
  custom:audio-encoder-webm-vorbis: bf7c407c2cedff20999df2af8eb42d56 -> 
========================================================================
Received Prepare
Registering precompiled user dll's ...
Registered in 0.013745 seconds.
Begin MonoManager ReloadAssembly
Native extension for WindowsStandalone target not found
Refreshing native plugins compatible for Editor in 0.80 ms, found 2 plugins.
Preloading 0 native plugins for Editor in 0.00 ms.
Mono: successfully reloaded assembly
- Completed reload, in  7.994 seconds
Domain Reload Profiling:
	ReloadAssembly (8002ms)
		BeginReloadAssembly (1181ms)
			ExecutionOrderSort (0ms)
			DisableScriptedObjects (36ms)
			BackupInstance (0ms)
			ReleaseScriptingObjects (0ms)
			CreateAndSetChildDomain (608ms)
		EndReloadAssembly (6261ms)
			LoadAssemblies (802ms)
			RebuildTransferFunctionScriptingTraits (0ms)
			SetupTypeCache (2115ms)
			ReleaseScriptCaches (3ms)
			RebuildScriptCaches (284ms)
			SetupLoadedEditorAssemblies (2583ms)
				LogAssemblyErrors (0ms)
				InitializePlatformSupportModulesInManaged (31ms)
				SetLoadedEditorAssemblies (1ms)
				RefreshPlugins (1ms)
				BeforeProcessingInitializeOnLoad (390ms)
				ProcessInitializeOnLoadAttributes (2080ms)
				ProcessInitializeOnLoadMethodAttributes (29ms)
				AfterProcessingInitializeOnLoad (51ms)
				EditorAssembliesLoaded (1ms)
			ExecutionOrderSort2 (0ms)
			AwakeInstancesAfterBackupRestoration (38ms)
Platform modules already initialized, skipping
Refreshing native plugins compatible for Editor in 0.92 ms, found 2 plugins.
Preloading 0 native plugins for Editor in 0.00 ms.
Unloading 1406 Unused Serialized files (Serialized files now loaded: 0)
System memory in use before: 69.4 MB.
System memory in use after: 69.5 MB.

Unloading 13 unused Assets to reduce memory usage. Loaded Objects now: 1928.
Total: 30.681200 ms (FindLiveObjects: 1.974800 ms CreateObjectMapping: 0.195300 ms MarkObjects: 22.079600 ms  DeleteObjects: 6.427200 ms)

AssetImportParameters requested are different than current active one (requested -> active):
  custom:framework-win-MediaFoundation: 216162199b28c13a410421893ffa2e32 -> 
  custom:video-decoder-ogg-theora: a1e56fd34408186e4bbccfd4996cb3dc -> 
  custom:container-muxer-webm: aa71ff27fc2769a1b78a27578f13a17b -> 
  custom:container-demuxer-webm: 4f35f7cbe854078d1ac9338744f61a02 -> 
  custom:container-demuxer-ogg: 62fdf1f143b41e24485cea50d1cbac27 -> 
  custom:video-encoder-webm-vp8: eb34c28f22e8b96e1ab97ce403110664 -> 
  custom:video-decoder-webm-vp8: 9c59270c3fd7afecdb556c50c9e8de78 -> 
  custom:audio-decoder-ogg-vorbis: bf7c407c2cedff20999df2af8eb42d56 -> 
  custom:audio-encoder-webm-vorbis: bf7c407c2cedff20999df2af8eb42d56 -> 
========================================================================
Received Import Request.
  Time since last request: 702.498912 seconds.
  path: Assets/Scripts/CambiadorCamara.cs
  artifactKey: Guid(463e40d490055db40bb9ab516ab3285f) Importer(815301076,1909f56bfc062723c751e8b465ee728b)
Start importing Assets/Scripts/CambiadorCamara.cs using Guid(463e40d490055db40bb9ab516ab3285f) Importer(815301076,1909f56bfc062723c751e8b465ee728b)  -> (artifact id: '4fb5f44f9f40baf5bc857b009439636d') in 0.054286 seconds 
  Import took 0.095027 seconds .

========================================================================
Received Import Request.
  Time since last request: 0.000474 seconds.
  path: Assets/Scripts/ControlDisparo.cs
  artifactKey: Guid(b5a6124a55a11034e9300aadab0bce49) Importer(815301076,1909f56bfc062723c751e8b465ee728b)
Start importing Assets/Scripts/ControlDisparo.cs using Guid(b5a6124a55a11034e9300aadab0bce49) Importer(815301076,1909f56bfc062723c751e8b465ee728b)  -> (artifact id: 'aaf4c2d4baa928dd6761b9cbc910db2b') in 0.382635 seconds 
  Import took 0.388406 seconds .

========================================================================
Received Import Request.
  Time since last request: 181.452368 seconds.
  path: Assets/Scripts/LevelLoader.cs
  artifactKey: Guid(d9276a8fa70e0454a85feec5c4779683) Importer(815301076,1909f56bfc062723c751e8b465ee728b)
Start importing Assets/Scripts/LevelLoader.cs using Guid(d9276a8fa70e0454a85feec5c4779683) Importer(815301076,1909f56bfc062723c751e8b465ee728b)  -> (artifact id: 'c9a2753bc70615881bfbf899da807555') in 2.676911 seconds 
  Import took 3.048362 seconds .

========================================================================
Received Prepare
Registering precompiled user dll's ...
Registered in 0.013715 seconds.
Begin MonoManager ReloadAssembly
Native extension for WindowsStandalone target not found
Refreshing native plugins compatible for Editor in 0.72 ms, found 2 plugins.
Preloading 0 native plugins for Editor in 0.00 ms.
Mono: successfully reloaded assembly
- Completed reload, in 28.518 seconds
Domain Reload Profiling:
	ReloadAssembly (28520ms)
		BeginReloadAssembly (662ms)
			ExecutionOrderSort (0ms)
			DisableScriptedObjects (17ms)
			BackupInstance (0ms)
			ReleaseScriptingObjects (0ms)
			CreateAndSetChildDomain (250ms)
		EndReloadAssembly (27098ms)
			LoadAssemblies (3581ms)
			RebuildTransferFunctionScriptingTraits (0ms)
			SetupTypeCache (6737ms)
			ReleaseScriptCaches (3ms)
			RebuildScriptCaches (183ms)
			SetupLoadedEditorAssemblies (15234ms)
				LogAssemblyErrors (0ms)
				InitializePlatformSupportModulesInManaged (38ms)
				SetLoadedEditorAssemblies (3ms)
				RefreshPlugins (6ms)
				BeforeProcessingInitializeOnLoad (11410ms)
				ProcessInitializeOnLoadAttributes (3743ms)
				ProcessInitializeOnLoadMethodAttributes (12ms)
				AfterProcessingInitializeOnLoad (21ms)
				EditorAssembliesLoaded (2ms)
			ExecutionOrderSort2 (0ms)
			AwakeInstancesAfterBackupRestoration (25ms)
Platform modules already initialized, skipping
Refreshing native plugins compatible for Editor in 0.60 ms, found 2 plugins.
Preloading 0 native plugins for Editor in 0.00 ms.
Unloading 1407 Unused Serialized files (Serialized files now loaded: 0)
System memory in use before: 69.5 MB.
System memory in use after: 69.6 MB.

Unloading 13 unused Assets to reduce memory usage. Loaded Objects now: 1930.
Total: 8.162600 ms (FindLiveObjects: 0.349500 ms CreateObjectMapping: 0.152900 ms MarkObjects: 7.618400 ms  DeleteObjects: 0.038400 ms)

AssetImportParameters requested are different than current active one (requested -> active):
  custom:framework-win-MediaFoundation: 216162199b28c13a410421893ffa2e32 -> 
  custom:video-decoder-ogg-theora: a1e56fd34408186e4bbccfd4996cb3dc -> 
  custom:container-muxer-webm: aa71ff27fc2769a1b78a27578f13a17b -> 
  custom:container-demuxer-webm: 4f35f7cbe854078d1ac9338744f61a02 -> 
  custom:container-demuxer-ogg: 62fdf1f143b41e24485cea50d1cbac27 -> 
  custom:video-encoder-webm-vp8: eb34c28f22e8b96e1ab97ce403110664 -> 
  custom:video-decoder-webm-vp8: 9c59270c3fd7afecdb556c50c9e8de78 -> 
  custom:audio-decoder-ogg-vorbis: bf7c407c2cedff20999df2af8eb42d56 -> 
  custom:audio-encoder-webm-vorbis: bf7c407c2cedff20999df2af8eb42d56 -> 
========================================================================
Received Prepare
Registering precompiled user dll's ...
Registered in 0.741852 seconds.
Begin MonoManager ReloadAssembly
Native extension for WindowsStandalone target not found
Refreshing native plugins compatible for Editor in 1.39 ms, found 2 plugins.
Preloading 0 native plugins for Editor in 0.00 ms.
Mono: successfully reloaded assembly
- Completed reload, in  7.098 seconds
Domain Reload Profiling:
	ReloadAssembly (7100ms)
		BeginReloadAssembly (787ms)
			ExecutionOrderSort (0ms)
			DisableScriptedObjects (17ms)
			BackupInstance (0ms)
			ReleaseScriptingObjects (0ms)
			CreateAndSetChildDomain (268ms)
		EndReloadAssembly (5759ms)
			LoadAssemblies (790ms)
			RebuildTransferFunctionScriptingTraits (0ms)
			SetupTypeCache (2821ms)
			ReleaseScriptCaches (3ms)
			RebuildScriptCaches (160ms)
			SetupLoadedEditorAssemblies (1862ms)
				LogAssemblyErrors (0ms)
				InitializePlatformSupportModulesInManaged (16ms)
				SetLoadedEditorAssemblies (5ms)
				RefreshPlugins (2ms)
				BeforeProcessingInitializeOnLoad (409ms)
				ProcessInitializeOnLoadAttributes (1377ms)
				ProcessInitializeOnLoadMethodAttributes (19ms)
				AfterProcessingInitializeOnLoad (33ms)
				EditorAssembliesLoaded (0ms)
			ExecutionOrderSort2 (0ms)
			AwakeInstancesAfterBackupRestoration (34ms)
Platform modules already initialized, skipping
Refreshing native plugins compatible for Editor in 0.88 ms, found 2 plugins.
Preloading 0 native plugins for Editor in 0.00 ms.
Unloading 1406 Unused Serialized files (Serialized files now loaded: 0)
System memory in use before: 69.5 MB.
System memory in use after: 69.6 MB.

Unloading 13 unused Assets to reduce memory usage. Loaded Objects now: 1932.
Total: 8.927100 ms (FindLiveObjects: 0.349900 ms CreateObjectMapping: 0.071600 ms MarkObjects: 8.440500 ms  DeleteObjects: 0.061700 ms)

AssetImportParameters requested are different than current active one (requested -> active):
  custom:framework-win-MediaFoundation: 216162199b28c13a410421893ffa2e32 -> 
  custom:video-decoder-ogg-theora: a1e56fd34408186e4bbccfd4996cb3dc -> 
  custom:container-muxer-webm: aa71ff27fc2769a1b78a27578f13a17b -> 
  custom:container-demuxer-webm: 4f35f7cbe854078d1ac9338744f61a02 -> 
  custom:container-demuxer-ogg: 62fdf1f143b41e24485cea50d1cbac27 -> 
  custom:video-encoder-webm-vp8: eb34c28f22e8b96e1ab97ce403110664 -> 
  custom:video-decoder-webm-vp8: 9c59270c3fd7afecdb556c50c9e8de78 -> 
  custom:audio-decoder-ogg-vorbis: bf7c407c2cedff20999df2af8eb42d56 -> 
  custom:audio-encoder-webm-vorbis: bf7c407c2cedff20999df2af8eb42d56 -> 
========================================================================
Received Prepare
Registering precompiled user dll's ...
Registered in 0.416281 seconds.
Begin MonoManager ReloadAssembly
Native extension for WindowsStandalone target not found
Refreshing native plugins compatible for Editor in 0.66 ms, found 2 plugins.
Preloading 0 native plugins for Editor in 0.00 ms.
Mono: successfully reloaded assembly
- Completed reload, in 19.190 seconds
Domain Reload Profiling:
	ReloadAssembly (19192ms)
		BeginReloadAssembly (1674ms)
			ExecutionOrderSort (0ms)
			DisableScriptedObjects (18ms)
			BackupInstance (0ms)
			ReleaseScriptingObjects (2ms)
			CreateAndSetChildDomain (928ms)
		EndReloadAssembly (17092ms)
			LoadAssemblies (881ms)
			RebuildTransferFunctionScriptingTraits (0ms)
			SetupTypeCache (2937ms)
			ReleaseScriptCaches (52ms)
			RebuildScriptCaches (4652ms)
			SetupLoadedEditorAssemblies (3648ms)
				LogAssemblyErrors (0ms)
				InitializePlatformSupportModulesInManaged (32ms)
				SetLoadedEditorAssemblies (3ms)
				RefreshPlugins (1ms)
				BeforeProcessingInitializeOnLoad (525ms)
				ProcessInitializeOnLoadAttributes (3021ms)
				ProcessInitializeOnLoadMethodAttributes (24ms)
				AfterProcessingInitializeOnLoad (37ms)
				EditorAssembliesLoaded (6ms)
			ExecutionOrderSort2 (0ms)
			AwakeInstancesAfterBackupRestoration (46ms)
Platform modules already initialized, skipping
Refreshing native plugins compatible for Editor in 0.67 ms, found 2 plugins.
Preloading 0 native plugins for Editor in 0.00 ms.
Unloading 1406 Unused Serialized files (Serialized files now loaded: 0)
System memory in use before: 69.5 MB.
System memory in use after: 69.6 MB.

Unloading 13 unused Assets to reduce memory usage. Loaded Objects now: 1934.
Total: 30.956100 ms (FindLiveObjects: 0.376700 ms CreateObjectMapping: 5.228000 ms MarkObjects: 25.304000 ms  DeleteObjects: 0.044300 ms)

AssetImportParameters requested are different than current active one (requested -> active):
  custom:framework-win-MediaFoundation: 216162199b28c13a410421893ffa2e32 -> 
  custom:video-decoder-ogg-theora: a1e56fd34408186e4bbccfd4996cb3dc -> 
  custom:container-muxer-webm: aa71ff27fc2769a1b78a27578f13a17b -> 
  custom:container-demuxer-webm: 4f35f7cbe854078d1ac9338744f61a02 -> 
  custom:container-demuxer-ogg: 62fdf1f143b41e24485cea50d1cbac27 -> 
  custom:video-encoder-webm-vp8: eb34c28f22e8b96e1ab97ce403110664 -> 
  custom:video-decoder-webm-vp8: 9c59270c3fd7afecdb556c50c9e8de78 -> 
  custom:audio-decoder-ogg-vorbis: bf7c407c2cedff20999df2af8eb42d56 -> 
  custom:audio-encoder-webm-vorbis: bf7c407c2cedff20999df2af8eb42d56 -> 
========================================================================
Received Import Request.
  Time since last request: 701.541505 seconds.
  path: Assets/Scripts/LevelLoader.cs
  artifactKey: Guid(d9276a8fa70e0454a85feec5c4779683) Importer(815301076,1909f56bfc062723c751e8b465ee728b)
Start importing Assets/Scripts/LevelLoader.cs using Guid(d9276a8fa70e0454a85feec5c4779683) Importer(815301076,1909f56bfc062723c751e8b465ee728b)  -> (artifact id: '25faff4e4e97a12eae7bc30ad1d1280a') in 0.141398 seconds 
  Import took 0.231346 seconds .

