Using pre-set license
Built from '2020.3/staging' branch; Version is '2020.3.17f1 (a4537701e4ab) revision 10769271'; Using compiler version '192528614'; Build Type 'Release'
OS: 'Windows 10 Home Single Language; OS build 19043.1348; Version 2009; 64bit' Language: 'es' Physical Memory: 7055 MB
BatchMode: 1, IsHumanControllingUs: 0, StartBugReporterOnCrash: 0, Is64bit: 1, IsPro: 0

COMMAND LINE ARGUMENTS:
C:\Program Files\2020.3.17f1\Editor\Unity.exe
-adb2
-batchMode
-noUpm
-name
AssetImportWorker9
-projectPath
C:/Users/PERSONAL/Documents/Prototipos 3D/Proyectos/prueba version 2
-logFile
Logs/AssetImportWorker9.log
-srvPort
60015
Successfully changed project path to: C:/Users/PERSONAL/Documents/Prototipos 3D/Proyectos/prueba version 2
C:/Users/PERSONAL/Documents/Prototipos 3D/Proyectos/prueba version 2
Using Asset Import Pipeline V2.
Refreshing native plugins compatible for Editor in 248.42 ms, found 2 plugins.
Preloading 0 native plugins for Editor in 0.00 ms.
Initialize engine version: 2020.3.17f1 (a4537701e4ab)
[Subsystems] Discovering subsystems at path C:/Program Files/2020.3.17f1/Editor/Data/Resources/UnitySubsystems
[Subsystems] Discovering subsystems at path C:/Users/PERSONAL/Documents/Prototipos 3D/Proyectos/prueba version 2/Assets
GfxDevice: creating device client; threaded=0
Direct3D:
    Version:  Direct3D 11.0 [level 11.1]
    Renderer: AMD Radeon(TM) R5 Graphics (ID=0x98e4)
    Vendor:   
    VRAM:     3527 MB
    Driver:   27.20.1034.6
Initialize mono
Mono path[0] = 'C:/Program Files/2020.3.17f1/Editor/Data/Managed'
Mono path[1] = 'C:/Program Files/2020.3.17f1/Editor/Data/MonoBleedingEdge/lib/mono/unityjit'
Mono config path = 'C:/Program Files/2020.3.17f1/Editor/Data/MonoBleedingEdge/etc'
Using monoOptions --debugger-agent=transport=dt_socket,embedding=1,server=y,suspend=n,address=127.0.0.1:56204
Begin MonoManager ReloadAssembly
Registering precompiled unity dll's ...
Register platform support module: C:/Program Files/2020.3.17f1/Editor/Data/PlaybackEngines/WindowsStandaloneSupport/UnityEditor.WindowsStandalone.Extensions.dll
Registered in 3.807149 seconds.
Native extension for WindowsStandalone target not found
Refreshing native plugins compatible for Editor in 255.02 ms, found 2 plugins.
Preloading 0 native plugins for Editor in 0.00 ms.
Mono: successfully reloaded assembly
- Completed reload, in 16.804 seconds
Domain Reload Profiling:
	ReloadAssembly (16805ms)
		BeginReloadAssembly (664ms)
			ExecutionOrderSort (0ms)
			DisableScriptedObjects (0ms)
			BackupInstance (0ms)
			ReleaseScriptingObjects (0ms)
			CreateAndSetChildDomain (3ms)
		EndReloadAssembly (6598ms)
			LoadAssemblies (650ms)
			RebuildTransferFunctionScriptingTraits (3ms)
			SetupTypeCache (1590ms)
			ReleaseScriptCaches (0ms)
			RebuildScriptCaches (2000ms)
			SetupLoadedEditorAssemblies (1219ms)
				LogAssemblyErrors (0ms)
				InitializePlatformSupportModulesInManaged (187ms)
				SetLoadedEditorAssemblies (1ms)
				RefreshPlugins (255ms)
				BeforeProcessingInitializeOnLoad (123ms)
				ProcessInitializeOnLoadAttributes (525ms)
				ProcessInitializeOnLoadMethodAttributes (126ms)
				AfterProcessingInitializeOnLoad (0ms)
				EditorAssembliesLoaded (1ms)
			ExecutionOrderSort2 (0ms)
			AwakeInstancesAfterBackupRestoration (0ms)
Platform modules already initialized, skipping
Registering precompiled user dll's ...
Registered in 0.016689 seconds.
Begin MonoManager ReloadAssembly
Native extension for WindowsStandalone target not found
Refreshing native plugins compatible for Editor in 0.63 ms, found 2 plugins.
Preloading 0 native plugins for Editor in 0.00 ms.
Mono: successfully reloaded assembly
- Completed reload, in  3.893 seconds
Domain Reload Profiling:
	ReloadAssembly (3896ms)
		BeginReloadAssembly (494ms)
			ExecutionOrderSort (0ms)
			DisableScriptedObjects (16ms)
			BackupInstance (0ms)
			ReleaseScriptingObjects (0ms)
			CreateAndSetChildDomain (91ms)
		EndReloadAssembly (3133ms)
			LoadAssemblies (346ms)
			RebuildTransferFunctionScriptingTraits (0ms)
			SetupTypeCache (930ms)
			ReleaseScriptCaches (2ms)
			RebuildScriptCaches (171ms)
			SetupLoadedEditorAssemblies (1442ms)
				LogAssemblyErrors (0ms)
				InitializePlatformSupportModulesInManaged (13ms)
				SetLoadedEditorAssemblies (1ms)
				RefreshPlugins (1ms)
				BeforeProcessingInitializeOnLoad (303ms)
				ProcessInitializeOnLoadAttributes (1083ms)
				ProcessInitializeOnLoadMethodAttributes (13ms)
				AfterProcessingInitializeOnLoad (28ms)
				EditorAssembliesLoaded (0ms)
			ExecutionOrderSort2 (0ms)
			AwakeInstancesAfterBackupRestoration (22ms)
Platform modules already initialized, skipping
========================================================================
Worker process is ready to serve import requests
Launched and connected shader compiler UnityShaderCompiler.exe after 1.30 seconds
Refreshing native plugins compatible for Editor in 0.59 ms, found 2 plugins.
Preloading 0 native plugins for Editor in 0.00 ms.
Unloading 1415 Unused Serialized files (Serialized files now loaded: 0)
System memory in use before: 66.2 MB.
System memory in use after: 66.2 MB.

Unloading 18 unused Assets to reduce memory usage. Loaded Objects now: 1851.
Total: 6.056400 ms (FindLiveObjects: 0.456100 ms CreateObjectMapping: 0.150900 ms MarkObjects: 5.307600 ms  DeleteObjects: 0.138700 ms)

AssetImportParameters requested are different than current active one (requested -> active):
  custom:framework-win-MediaFoundation: 216162199b28c13a410421893ffa2e32 -> 
  custom:video-decoder-ogg-theora: a1e56fd34408186e4bbccfd4996cb3dc -> 
  custom:container-muxer-webm: aa71ff27fc2769a1b78a27578f13a17b -> 
  custom:container-demuxer-webm: 4f35f7cbe854078d1ac9338744f61a02 -> 
  custom:container-demuxer-ogg: 62fdf1f143b41e24485cea50d1cbac27 -> 
  custom:video-encoder-webm-vp8: eb34c28f22e8b96e1ab97ce403110664 -> 
  custom:video-decoder-webm-vp8: 9c59270c3fd7afecdb556c50c9e8de78 -> 
  custom:audio-decoder-ogg-vorbis: bf7c407c2cedff20999df2af8eb42d56 -> 
  custom:audio-encoder-webm-vorbis: bf7c407c2cedff20999df2af8eb42d56 -> 
========================================================================
Received Import Request.
  path: Assets/prefabs/SacoMalo 1.prefab
  artifactKey: Guid(62fa43b6d996faf48bc0fadd82c1e4a3) Importer(815301076,1909f56bfc062723c751e8b465ee728b)
Start importing Assets/prefabs/SacoMalo 1.prefab using Guid(62fa43b6d996faf48bc0fadd82c1e4a3) Importer(815301076,1909f56bfc062723c751e8b465ee728b)  -> (artifact id: 'd38d181e7ef6777f6d1554a02de8f600') in 1.476169 seconds 
  Import took 1.505446 seconds .

========================================================================
Received Import Request.
  Time since last request: 0.000372 seconds.
  path: Assets/prefabs/GomitaMalvcada 2.prefab
  artifactKey: Guid(98f997ed97d103a4da1c6e1f109461d1) Importer(815301076,1909f56bfc062723c751e8b465ee728b)
Start importing Assets/prefabs/GomitaMalvcada 2.prefab using Guid(98f997ed97d103a4da1c6e1f109461d1) Importer(815301076,1909f56bfc062723c751e8b465ee728b)  -> (artifact id: '05d6226ea1687360ad6515e2db789151') in 0.372541 seconds 
  Import took 0.413612 seconds .

========================================================================
Received Import Request.
  Time since last request: 0.000367 seconds.
  path: Assets/prefabs/GomitaMalvcada 1.prefab
  artifactKey: Guid(f38f9152f8484734396f114e2646c3dd) Importer(815301076,1909f56bfc062723c751e8b465ee728b)
Start importing Assets/prefabs/GomitaMalvcada 1.prefab using Guid(f38f9152f8484734396f114e2646c3dd) Importer(815301076,1909f56bfc062723c751e8b465ee728b)  -> (artifact id: '534eb3313745e53f30b0645d99700599') in 0.174889 seconds 
  Import took 0.217514 seconds .

========================================================================
Received Import Request.
  Time since last request: 0.001928 seconds.
  path: Assets/prefabs/Pandita.prefab
  artifactKey: Guid(1fcbc98b157b74549974c82092aad6fb) Importer(815301076,1909f56bfc062723c751e8b465ee728b)
Start importing Assets/prefabs/Pandita.prefab using Guid(1fcbc98b157b74549974c82092aad6fb) Importer(815301076,1909f56bfc062723c751e8b465ee728b)  -> (artifact id: '29a131b0d8853e5cd38c60645b9de445') in 0.615787 seconds 
  Import took 0.626625 seconds .

========================================================================
Received Import Request.
  Time since last request: 0.000344 seconds.
  path: Assets/prefabs/GomitaMalvcada 3.prefab
  artifactKey: Guid(5bcc2a0e01c8cee48bd7e3a9567c12aa) Importer(815301076,1909f56bfc062723c751e8b465ee728b)
Start importing Assets/prefabs/GomitaMalvcada 3.prefab using Guid(5bcc2a0e01c8cee48bd7e3a9567c12aa) Importer(815301076,1909f56bfc062723c751e8b465ee728b)  -> (artifact id: 'bca565a846abd1f6803da9ea4b3e7588') in 0.254715 seconds 
  Import took 0.263762 seconds .

========================================================================
Received Import Request.
  Time since last request: 0.000362 seconds.
  path: Assets/prefabs/GomitaMalvcada.prefab
  artifactKey: Guid(0da742d52388a0542b5fdf6373c2436c) Importer(815301076,1909f56bfc062723c751e8b465ee728b)
Start importing Assets/prefabs/GomitaMalvcada.prefab using Guid(0da742d52388a0542b5fdf6373c2436c) Importer(815301076,1909f56bfc062723c751e8b465ee728b)  -> (artifact id: '25e8664fb3cb16b8df1c5591c693515d') in 0.169376 seconds 
  Import took 0.223200 seconds .

========================================================================
Received Prepare
Refreshing native plugins compatible for Editor in 9.28 ms, found 2 plugins.
Preloading 0 native plugins for Editor in 0.00 ms.
Unloading 12 Unused Serialized files (Serialized files now loaded: 0)
System memory in use before: 41.8 MB.
System memory in use after: 41.9 MB.

Unloading 12 unused Assets to reduce memory usage. Loaded Objects now: 1860.
Total: 10.269300 ms (FindLiveObjects: 0.428600 ms CreateObjectMapping: 0.109200 ms MarkObjects: 9.687700 ms  DeleteObjects: 0.041100 ms)

AssetImportParameters requested are different than current active one (requested -> active):
  custom:framework-win-MediaFoundation: 216162199b28c13a410421893ffa2e32 -> 
  custom:video-decoder-ogg-theora: a1e56fd34408186e4bbccfd4996cb3dc -> 
  custom:container-muxer-webm: aa71ff27fc2769a1b78a27578f13a17b -> 
  custom:container-demuxer-webm: 4f35f7cbe854078d1ac9338744f61a02 -> 
  custom:container-demuxer-ogg: 62fdf1f143b41e24485cea50d1cbac27 -> 
  custom:video-encoder-webm-vp8: eb34c28f22e8b96e1ab97ce403110664 -> 
  custom:video-decoder-webm-vp8: 9c59270c3fd7afecdb556c50c9e8de78 -> 
  custom:audio-decoder-ogg-vorbis: bf7c407c2cedff20999df2af8eb42d56 -> 
  custom:audio-encoder-webm-vorbis: bf7c407c2cedff20999df2af8eb42d56 -> 
========================================================================
Received Prepare
Registering precompiled user dll's ...
Registered in 0.033963 seconds.
Begin MonoManager ReloadAssembly
Native extension for WindowsStandalone target not found
Refreshing native plugins compatible for Editor in 0.87 ms, found 2 plugins.
Preloading 0 native plugins for Editor in 0.00 ms.
Mono: successfully reloaded assembly
- Completed reload, in 24.820 seconds
Domain Reload Profiling:
	ReloadAssembly (24821ms)
		BeginReloadAssembly (1015ms)
			ExecutionOrderSort (0ms)
			DisableScriptedObjects (46ms)
			BackupInstance (0ms)
			ReleaseScriptingObjects (0ms)
			CreateAndSetChildDomain (273ms)
		EndReloadAssembly (22680ms)
			LoadAssemblies (822ms)
			RebuildTransferFunctionScriptingTraits (0ms)
			SetupTypeCache (16950ms)
			ReleaseScriptCaches (37ms)
			RebuildScriptCaches (1021ms)
			SetupLoadedEditorAssemblies (2845ms)
				LogAssemblyErrors (0ms)
				InitializePlatformSupportModulesInManaged (24ms)
				SetLoadedEditorAssemblies (2ms)
				RefreshPlugins (1ms)
				BeforeProcessingInitializeOnLoad (480ms)
				ProcessInitializeOnLoadAttributes (2232ms)
				ProcessInitializeOnLoadMethodAttributes (26ms)
				AfterProcessingInitializeOnLoad (80ms)
				EditorAssembliesLoaded (1ms)
			ExecutionOrderSort2 (0ms)
			AwakeInstancesAfterBackupRestoration (58ms)
Platform modules already initialized, skipping
Refreshing native plugins compatible for Editor in 0.74 ms, found 2 plugins.
Preloading 0 native plugins for Editor in 0.00 ms.
Unloading 1410 Unused Serialized files (Serialized files now loaded: 0)
System memory in use before: 69.4 MB.
System memory in use after: 69.5 MB.

Unloading 13 unused Assets to reduce memory usage. Loaded Objects now: 1862.
Total: 169.819500 ms (FindLiveObjects: 0.365100 ms CreateObjectMapping: 0.192900 ms MarkObjects: 169.162400 ms  DeleteObjects: 0.094000 ms)

AssetImportParameters requested are different than current active one (requested -> active):
  custom:framework-win-MediaFoundation: 216162199b28c13a410421893ffa2e32 -> 
  custom:video-decoder-ogg-theora: a1e56fd34408186e4bbccfd4996cb3dc -> 
  custom:container-muxer-webm: aa71ff27fc2769a1b78a27578f13a17b -> 
  custom:container-demuxer-webm: 4f35f7cbe854078d1ac9338744f61a02 -> 
  custom:container-demuxer-ogg: 62fdf1f143b41e24485cea50d1cbac27 -> 
  custom:video-encoder-webm-vp8: eb34c28f22e8b96e1ab97ce403110664 -> 
  custom:video-decoder-webm-vp8: 9c59270c3fd7afecdb556c50c9e8de78 -> 
  custom:audio-decoder-ogg-vorbis: bf7c407c2cedff20999df2af8eb42d56 -> 
  custom:audio-encoder-webm-vorbis: bf7c407c2cedff20999df2af8eb42d56 -> 
========================================================================
Received Prepare
Registering precompiled user dll's ...
Registered in 0.016895 seconds.
Begin MonoManager ReloadAssembly
Native extension for WindowsStandalone target not found
Refreshing native plugins compatible for Editor in 8.12 ms, found 2 plugins.
Preloading 0 native plugins for Editor in 0.00 ms.
Mono: successfully reloaded assembly
- Completed reload, in 17.592 seconds
Domain Reload Profiling:
	ReloadAssembly (17611ms)
		BeginReloadAssembly (2218ms)
			ExecutionOrderSort (0ms)
			DisableScriptedObjects (30ms)
			BackupInstance (0ms)
			ReleaseScriptingObjects (0ms)
			CreateAndSetChildDomain (1356ms)
		EndReloadAssembly (15170ms)
			LoadAssemblies (1389ms)
			RebuildTransferFunctionScriptingTraits (4ms)
			SetupTypeCache (10528ms)
			ReleaseScriptCaches (3ms)
			RebuildScriptCaches (1130ms)
			SetupLoadedEditorAssemblies (1840ms)
				LogAssemblyErrors (0ms)
				InitializePlatformSupportModulesInManaged (138ms)
				SetLoadedEditorAssemblies (2ms)
				RefreshPlugins (8ms)
				BeforeProcessingInitializeOnLoad (299ms)
				ProcessInitializeOnLoadAttributes (1349ms)
				ProcessInitializeOnLoadMethodAttributes (21ms)
				AfterProcessingInitializeOnLoad (22ms)
				EditorAssembliesLoaded (0ms)
			ExecutionOrderSort2 (0ms)
			AwakeInstancesAfterBackupRestoration (24ms)
Platform modules already initialized, skipping
Refreshing native plugins compatible for Editor in 0.64 ms, found 2 plugins.
Preloading 0 native plugins for Editor in 0.00 ms.
Unloading 1410 Unused Serialized files (Serialized files now loaded: 0)
System memory in use before: 69.4 MB.
System memory in use after: 69.5 MB.

Unloading 13 unused Assets to reduce memory usage. Loaded Objects now: 1864.
Total: 25.210000 ms (FindLiveObjects: 0.342900 ms CreateObjectMapping: 0.069500 ms MarkObjects: 24.719800 ms  DeleteObjects: 0.074900 ms)

AssetImportParameters requested are different than current active one (requested -> active):
  custom:framework-win-MediaFoundation: 216162199b28c13a410421893ffa2e32 -> 
  custom:video-decoder-ogg-theora: a1e56fd34408186e4bbccfd4996cb3dc -> 
  custom:container-muxer-webm: aa71ff27fc2769a1b78a27578f13a17b -> 
  custom:container-demuxer-webm: 4f35f7cbe854078d1ac9338744f61a02 -> 
  custom:container-demuxer-ogg: 62fdf1f143b41e24485cea50d1cbac27 -> 
  custom:video-encoder-webm-vp8: eb34c28f22e8b96e1ab97ce403110664 -> 
  custom:video-decoder-webm-vp8: 9c59270c3fd7afecdb556c50c9e8de78 -> 
  custom:audio-decoder-ogg-vorbis: bf7c407c2cedff20999df2af8eb42d56 -> 
  custom:audio-encoder-webm-vorbis: bf7c407c2cedff20999df2af8eb42d56 -> 
========================================================================
Received Import Request.
  Time since last request: 538.977225 seconds.
  path: Assets/Scenes/nivel 2.unity
  artifactKey: Guid(836cdb3e7be93f949bddb4498043160a) Importer(815301076,1909f56bfc062723c751e8b465ee728b)
Start importing Assets/Scenes/nivel 2.unity using Guid(836cdb3e7be93f949bddb4498043160a) Importer(815301076,1909f56bfc062723c751e8b465ee728b)  -> (artifact id: '7dcf3eba46017a9e7edf9c84dd2d0998') in 0.411918 seconds 
  Import took 0.490307 seconds .

========================================================================
Received Import Request.
  Time since last request: 266.110341 seconds.
  path: Assets/Scenes/PantallaInicio.unity
  artifactKey: Guid(9fc0d4010bbf28b4594072e72b8655ab) Importer(815301076,1909f56bfc062723c751e8b465ee728b)
Start importing Assets/Scenes/PantallaInicio.unity using Guid(9fc0d4010bbf28b4594072e72b8655ab) Importer(815301076,1909f56bfc062723c751e8b465ee728b)  -> (artifact id: '54a7c6194718ae4544fb12f907f23395') in 0.019775 seconds 
  Import took 0.056206 seconds .

========================================================================
Received Prepare
Registering precompiled user dll's ...
Registered in 8.342875 seconds.
Begin MonoManager ReloadAssembly
Native extension for WindowsStandalone target not found
Refreshing native plugins compatible for Editor in 4.28 ms, found 2 plugins.
Preloading 0 native plugins for Editor in 0.00 ms.
Mono: successfully reloaded assembly
- Completed reload, in  5.080 seconds
Domain Reload Profiling:
	ReloadAssembly (5080ms)
		BeginReloadAssembly (594ms)
			ExecutionOrderSort (0ms)
			DisableScriptedObjects (15ms)
			BackupInstance (0ms)
			ReleaseScriptingObjects (0ms)
			CreateAndSetChildDomain (128ms)
		EndReloadAssembly (4284ms)
			LoadAssemblies (537ms)
			RebuildTransferFunctionScriptingTraits (0ms)
			SetupTypeCache (1334ms)
			ReleaseScriptCaches (2ms)
			RebuildScriptCaches (198ms)
			SetupLoadedEditorAssemblies (1862ms)
				LogAssemblyErrors (0ms)
				InitializePlatformSupportModulesInManaged (34ms)
				SetLoadedEditorAssemblies (8ms)
				RefreshPlugins (4ms)
				BeforeProcessingInitializeOnLoad (432ms)
				ProcessInitializeOnLoadAttributes (1331ms)
				ProcessInitializeOnLoadMethodAttributes (21ms)
				AfterProcessingInitializeOnLoad (31ms)
				EditorAssembliesLoaded (1ms)
			ExecutionOrderSort2 (0ms)
			AwakeInstancesAfterBackupRestoration (27ms)
Platform modules already initialized, skipping
Refreshing native plugins compatible for Editor in 0.73 ms, found 2 plugins.
Preloading 0 native plugins for Editor in 0.00 ms.
Unloading 1410 Unused Serialized files (Serialized files now loaded: 0)
System memory in use before: 69.4 MB.
System memory in use after: 69.5 MB.

Unloading 13 unused Assets to reduce memory usage. Loaded Objects now: 1866.
Total: 11.429900 ms (FindLiveObjects: 1.164800 ms CreateObjectMapping: 0.108100 ms MarkObjects: 10.108100 ms  DeleteObjects: 0.045500 ms)

AssetImportParameters requested are different than current active one (requested -> active):
  custom:framework-win-MediaFoundation: 216162199b28c13a410421893ffa2e32 -> 
  custom:video-decoder-ogg-theora: a1e56fd34408186e4bbccfd4996cb3dc -> 
  custom:container-muxer-webm: aa71ff27fc2769a1b78a27578f13a17b -> 
  custom:container-demuxer-webm: 4f35f7cbe854078d1ac9338744f61a02 -> 
  custom:container-demuxer-ogg: 62fdf1f143b41e24485cea50d1cbac27 -> 
  custom:video-encoder-webm-vp8: eb34c28f22e8b96e1ab97ce403110664 -> 
  custom:video-decoder-webm-vp8: 9c59270c3fd7afecdb556c50c9e8de78 -> 
  custom:audio-decoder-ogg-vorbis: bf7c407c2cedff20999df2af8eb42d56 -> 
  custom:audio-encoder-webm-vorbis: bf7c407c2cedff20999df2af8eb42d56 -> 
========================================================================
Received Import Request.
  Time since last request: 103.826040 seconds.
  path: Assets/Scenes/nivel 2.unity
  artifactKey: Guid(836cdb3e7be93f949bddb4498043160a) Importer(815301076,1909f56bfc062723c751e8b465ee728b)
Start importing Assets/Scenes/nivel 2.unity using Guid(836cdb3e7be93f949bddb4498043160a) Importer(815301076,1909f56bfc062723c751e8b465ee728b)  -> (artifact id: 'de1c4484b2a1ebe2b590a5ce6f024554') in 0.119984 seconds 
  Import took 0.157890 seconds .

========================================================================
Received Prepare
Registering precompiled user dll's ...
Registered in 0.163551 seconds.
Begin MonoManager ReloadAssembly
Native extension for WindowsStandalone target not found
Refreshing native plugins compatible for Editor in 3.38 ms, found 2 plugins.
Preloading 0 native plugins for Editor in 0.00 ms.
Mono: successfully reloaded assembly
- Completed reload, in 23.068 seconds
Domain Reload Profiling:
	ReloadAssembly (23071ms)
		BeginReloadAssembly (9340ms)
			ExecutionOrderSort (0ms)
			DisableScriptedObjects (37ms)
			BackupInstance (0ms)
			ReleaseScriptingObjects (0ms)
			CreateAndSetChildDomain (1883ms)
		EndReloadAssembly (12683ms)
			LoadAssemblies (8114ms)
			RebuildTransferFunctionScriptingTraits (2ms)
			SetupTypeCache (4653ms)
			ReleaseScriptCaches (8ms)
			RebuildScriptCaches (563ms)
			SetupLoadedEditorAssemblies (4583ms)
				LogAssemblyErrors (0ms)
				InitializePlatformSupportModulesInManaged (77ms)
				SetLoadedEditorAssemblies (2ms)
				RefreshPlugins (7ms)
				BeforeProcessingInitializeOnLoad (1165ms)
				ProcessInitializeOnLoadAttributes (3034ms)
				ProcessInitializeOnLoadMethodAttributes (66ms)
				AfterProcessingInitializeOnLoad (232ms)
				EditorAssembliesLoaded (1ms)
			ExecutionOrderSort2 (0ms)
			AwakeInstancesAfterBackupRestoration (58ms)
Platform modules already initialized, skipping
Refreshing native plugins compatible for Editor in 0.76 ms, found 2 plugins.
Preloading 0 native plugins for Editor in 0.00 ms.
Unloading 1410 Unused Serialized files (Serialized files now loaded: 0)
System memory in use before: 69.4 MB.
System memory in use after: 69.5 MB.

Unloading 13 unused Assets to reduce memory usage. Loaded Objects now: 1868.
Total: 11.118900 ms (FindLiveObjects: 0.377400 ms CreateObjectMapping: 0.103400 ms MarkObjects: 10.541000 ms  DeleteObjects: 0.093500 ms)

AssetImportParameters requested are different than current active one (requested -> active):
  custom:framework-win-MediaFoundation: 216162199b28c13a410421893ffa2e32 -> 
  custom:video-decoder-ogg-theora: a1e56fd34408186e4bbccfd4996cb3dc -> 
  custom:container-muxer-webm: aa71ff27fc2769a1b78a27578f13a17b -> 
  custom:container-demuxer-webm: 4f35f7cbe854078d1ac9338744f61a02 -> 
  custom:container-demuxer-ogg: 62fdf1f143b41e24485cea50d1cbac27 -> 
  custom:video-encoder-webm-vp8: eb34c28f22e8b96e1ab97ce403110664 -> 
  custom:video-decoder-webm-vp8: 9c59270c3fd7afecdb556c50c9e8de78 -> 
  custom:audio-decoder-ogg-vorbis: bf7c407c2cedff20999df2af8eb42d56 -> 
  custom:audio-encoder-webm-vorbis: bf7c407c2cedff20999df2af8eb42d56 -> 
========================================================================
Received Prepare
Registering precompiled user dll's ...
Registered in 0.010943 seconds.
Begin MonoManager ReloadAssembly
Native extension for WindowsStandalone target not found
Refreshing native plugins compatible for Editor in 0.78 ms, found 2 plugins.
Preloading 0 native plugins for Editor in 0.00 ms.
Mono: successfully reloaded assembly
- Completed reload, in  8.267 seconds
Domain Reload Profiling:
	ReloadAssembly (8268ms)
		BeginReloadAssembly (324ms)
			ExecutionOrderSort (0ms)
			DisableScriptedObjects (11ms)
			BackupInstance (0ms)
			ReleaseScriptingObjects (0ms)
			CreateAndSetChildDomain (100ms)
		EndReloadAssembly (7735ms)
			LoadAssemblies (294ms)
			RebuildTransferFunctionScriptingTraits (0ms)
			SetupTypeCache (1734ms)
			ReleaseScriptCaches (2ms)
			RebuildScriptCaches (436ms)
			SetupLoadedEditorAssemblies (4243ms)
				LogAssemblyErrors (0ms)
				InitializePlatformSupportModulesInManaged (15ms)
				SetLoadedEditorAssemblies (2ms)
				RefreshPlugins (1ms)
				BeforeProcessingInitializeOnLoad (262ms)
				ProcessInitializeOnLoadAttributes (3791ms)
				ProcessInitializeOnLoadMethodAttributes (105ms)
				AfterProcessingInitializeOnLoad (66ms)
				EditorAssembliesLoaded (0ms)
			ExecutionOrderSort2 (0ms)
			AwakeInstancesAfterBackupRestoration (24ms)
Platform modules already initialized, skipping
Refreshing native plugins compatible for Editor in 0.86 ms, found 2 plugins.
Preloading 0 native plugins for Editor in 0.00 ms.
Unloading 1410 Unused Serialized files (Serialized files now loaded: 0)
System memory in use before: 69.5 MB.
System memory in use after: 69.6 MB.

Unloading 13 unused Assets to reduce memory usage. Loaded Objects now: 1870.
Total: 14.574100 ms (FindLiveObjects: 0.367800 ms CreateObjectMapping: 0.085700 ms MarkObjects: 14.062500 ms  DeleteObjects: 0.053800 ms)

AssetImportParameters requested are different than current active one (requested -> active):
  custom:framework-win-MediaFoundation: 216162199b28c13a410421893ffa2e32 -> 
  custom:video-decoder-ogg-theora: a1e56fd34408186e4bbccfd4996cb3dc -> 
  custom:container-muxer-webm: aa71ff27fc2769a1b78a27578f13a17b -> 
  custom:container-demuxer-webm: 4f35f7cbe854078d1ac9338744f61a02 -> 
  custom:container-demuxer-ogg: 62fdf1f143b41e24485cea50d1cbac27 -> 
  custom:video-encoder-webm-vp8: eb34c28f22e8b96e1ab97ce403110664 -> 
  custom:video-decoder-webm-vp8: 9c59270c3fd7afecdb556c50c9e8de78 -> 
  custom:audio-decoder-ogg-vorbis: bf7c407c2cedff20999df2af8eb42d56 -> 
  custom:audio-encoder-webm-vorbis: bf7c407c2cedff20999df2af8eb42d56 -> 
========================================================================
Received Prepare
Registering precompiled user dll's ...
Registered in 0.019498 seconds.
Begin MonoManager ReloadAssembly
Native extension for WindowsStandalone target not found
Refreshing native plugins compatible for Editor in 0.76 ms, found 2 plugins.
Preloading 0 native plugins for Editor in 0.00 ms.
Mono: successfully reloaded assembly
- Completed reload, in  3.386 seconds
Domain Reload Profiling:
	ReloadAssembly (3387ms)
		BeginReloadAssembly (359ms)
			ExecutionOrderSort (0ms)
			DisableScriptedObjects (16ms)
			BackupInstance (0ms)
			ReleaseScriptingObjects (0ms)
			CreateAndSetChildDomain (110ms)
		EndReloadAssembly (2760ms)
			LoadAssemblies (299ms)
			RebuildTransferFunctionScriptingTraits (0ms)
			SetupTypeCache (732ms)
			ReleaseScriptCaches (2ms)
			RebuildScriptCaches (112ms)
			SetupLoadedEditorAssemblies (1352ms)
				LogAssemblyErrors (0ms)
				InitializePlatformSupportModulesInManaged (83ms)
				SetLoadedEditorAssemblies (1ms)
				RefreshPlugins (1ms)
				BeforeProcessingInitializeOnLoad (197ms)
				ProcessInitializeOnLoadAttributes (1035ms)
				ProcessInitializeOnLoadMethodAttributes (13ms)
				AfterProcessingInitializeOnLoad (20ms)
				EditorAssembliesLoaded (2ms)
			ExecutionOrderSort2 (0ms)
			AwakeInstancesAfterBackupRestoration (16ms)
Platform modules already initialized, skipping
Refreshing native plugins compatible for Editor in 0.60 ms, found 2 plugins.
Preloading 0 native plugins for Editor in 0.00 ms.
Unloading 1410 Unused Serialized files (Serialized files now loaded: 0)
System memory in use before: 69.5 MB.
System memory in use after: 69.6 MB.

Unloading 13 unused Assets to reduce memory usage. Loaded Objects now: 1872.
Total: 15.840700 ms (FindLiveObjects: 0.856000 ms CreateObjectMapping: 0.244300 ms MarkObjects: 14.679800 ms  DeleteObjects: 0.056900 ms)

AssetImportParameters requested are different than current active one (requested -> active):
  custom:framework-win-MediaFoundation: 216162199b28c13a410421893ffa2e32 -> 
  custom:video-decoder-ogg-theora: a1e56fd34408186e4bbccfd4996cb3dc -> 
  custom:container-muxer-webm: aa71ff27fc2769a1b78a27578f13a17b -> 
  custom:container-demuxer-webm: 4f35f7cbe854078d1ac9338744f61a02 -> 
  custom:container-demuxer-ogg: 62fdf1f143b41e24485cea50d1cbac27 -> 
  custom:video-encoder-webm-vp8: eb34c28f22e8b96e1ab97ce403110664 -> 
  custom:video-decoder-webm-vp8: 9c59270c3fd7afecdb556c50c9e8de78 -> 
  custom:audio-decoder-ogg-vorbis: bf7c407c2cedff20999df2af8eb42d56 -> 
  custom:audio-encoder-webm-vorbis: bf7c407c2cedff20999df2af8eb42d56 -> 
========================================================================
Received Prepare
Registering precompiled user dll's ...
Registered in 0.200013 seconds.
Begin MonoManager ReloadAssembly
Native extension for WindowsStandalone target not found
Refreshing native plugins compatible for Editor in 0.91 ms, found 2 plugins.
Preloading 0 native plugins for Editor in 0.00 ms.
Mono: successfully reloaded assembly
- Completed reload, in 73.224 seconds
Domain Reload Profiling:
	ReloadAssembly (79824ms)
		BeginReloadAssembly (58458ms)
			ExecutionOrderSort (0ms)
			DisableScriptedObjects (13ms)
			BackupInstance (0ms)
			ReleaseScriptingObjects (0ms)
			CreateAndSetChildDomain (28484ms)
		EndReloadAssembly (18570ms)
			LoadAssemblies (11586ms)
			RebuildTransferFunctionScriptingTraits (0ms)
			SetupTypeCache (7533ms)
			ReleaseScriptCaches (7ms)
			RebuildScriptCaches (721ms)
			SetupLoadedEditorAssemblies (5226ms)
				LogAssemblyErrors (0ms)
				InitializePlatformSupportModulesInManaged (97ms)
				SetLoadedEditorAssemblies (18ms)
				RefreshPlugins (1ms)
				BeforeProcessingInitializeOnLoad (1159ms)
				ProcessInitializeOnLoadAttributes (3796ms)
				ProcessInitializeOnLoadMethodAttributes (55ms)
				AfterProcessingInitializeOnLoad (98ms)
				EditorAssembliesLoaded (1ms)
			ExecutionOrderSort2 (0ms)
			AwakeInstancesAfterBackupRestoration (147ms)
Platform modules already initialized, skipping
Refreshing native plugins compatible for Editor in 0.65 ms, found 2 plugins.
Preloading 0 native plugins for Editor in 0.00 ms.
Unloading 1410 Unused Serialized files (Serialized files now loaded: 0)
System memory in use before: 69.5 MB.
System memory in use after: 69.6 MB.

Unloading 13 unused Assets to reduce memory usage. Loaded Objects now: 1874.
Total: 21.057600 ms (FindLiveObjects: 2.885400 ms CreateObjectMapping: 0.145800 ms MarkObjects: 17.943200 ms  DeleteObjects: 0.079500 ms)

AssetImportParameters requested are different than current active one (requested -> active):
  custom:framework-win-MediaFoundation: 216162199b28c13a410421893ffa2e32 -> 
  custom:video-decoder-ogg-theora: a1e56fd34408186e4bbccfd4996cb3dc -> 
  custom:container-muxer-webm: aa71ff27fc2769a1b78a27578f13a17b -> 
  custom:container-demuxer-webm: 4f35f7cbe854078d1ac9338744f61a02 -> 
  custom:container-demuxer-ogg: 62fdf1f143b41e24485cea50d1cbac27 -> 
  custom:video-encoder-webm-vp8: eb34c28f22e8b96e1ab97ce403110664 -> 
  custom:video-decoder-webm-vp8: 9c59270c3fd7afecdb556c50c9e8de78 -> 
  custom:audio-decoder-ogg-vorbis: bf7c407c2cedff20999df2af8eb42d56 -> 
  custom:audio-encoder-webm-vorbis: bf7c407c2cedff20999df2af8eb42d56 -> 
========================================================================
Received Prepare
Registering precompiled user dll's ...
Registered in 0.046589 seconds.
Begin MonoManager ReloadAssembly
Native extension for WindowsStandalone target not found
Refreshing native plugins compatible for Editor in 0.71 ms, found 2 plugins.
Preloading 0 native plugins for Editor in 0.00 ms.
Mono: successfully reloaded assembly
- Completed reload, in  3.160 seconds
Domain Reload Profiling:
	ReloadAssembly (3162ms)
		BeginReloadAssembly (301ms)
			ExecutionOrderSort (0ms)
			DisableScriptedObjects (21ms)
			BackupInstance (0ms)
			ReleaseScriptingObjects (0ms)
			CreateAndSetChildDomain (107ms)
		EndReloadAssembly (2566ms)
			LoadAssemblies (245ms)
			RebuildTransferFunctionScriptingTraits (0ms)
			SetupTypeCache (875ms)
			ReleaseScriptCaches (2ms)
			RebuildScriptCaches (109ms)
			SetupLoadedEditorAssemblies (1035ms)
				LogAssemblyErrors (0ms)
				InitializePlatformSupportModulesInManaged (16ms)
				SetLoadedEditorAssemblies (2ms)
				RefreshPlugins (1ms)
				BeforeProcessingInitializeOnLoad (228ms)
				ProcessInitializeOnLoadAttributes (730ms)
				ProcessInitializeOnLoadMethodAttributes (14ms)
				AfterProcessingInitializeOnLoad (42ms)
				EditorAssembliesLoaded (2ms)
			ExecutionOrderSort2 (0ms)
			AwakeInstancesAfterBackupRestoration (21ms)
Platform modules already initialized, skipping
Refreshing native plugins compatible for Editor in 0.64 ms, found 2 plugins.
Preloading 0 native plugins for Editor in 0.00 ms.
Unloading 1410 Unused Serialized files (Serialized files now loaded: 0)
System memory in use before: 69.5 MB.
System memory in use after: 69.6 MB.

Unloading 13 unused Assets to reduce memory usage. Loaded Objects now: 1876.
Total: 6.972100 ms (FindLiveObjects: 0.753200 ms CreateObjectMapping: 0.126300 ms MarkObjects: 6.048700 ms  DeleteObjects: 0.040200 ms)

AssetImportParameters requested are different than current active one (requested -> active):
  custom:framework-win-MediaFoundation: 216162199b28c13a410421893ffa2e32 -> 
  custom:video-decoder-ogg-theora: a1e56fd34408186e4bbccfd4996cb3dc -> 
  custom:container-muxer-webm: aa71ff27fc2769a1b78a27578f13a17b -> 
  custom:container-demuxer-webm: 4f35f7cbe854078d1ac9338744f61a02 -> 
  custom:container-demuxer-ogg: 62fdf1f143b41e24485cea50d1cbac27 -> 
  custom:video-encoder-webm-vp8: eb34c28f22e8b96e1ab97ce403110664 -> 
  custom:video-decoder-webm-vp8: 9c59270c3fd7afecdb556c50c9e8de78 -> 
  custom:audio-decoder-ogg-vorbis: bf7c407c2cedff20999df2af8eb42d56 -> 
  custom:audio-encoder-webm-vorbis: bf7c407c2cedff20999df2af8eb42d56 -> 
========================================================================
Received Import Request.
  Time since last request: 1141.998860 seconds.
  path: Assets/Scenes/nivel 4.unity
  artifactKey: Guid(e9694732584b9004e98fb371041a6aaf) Importer(815301076,1909f56bfc062723c751e8b465ee728b)
Start importing Assets/Scenes/nivel 4.unity using Guid(e9694732584b9004e98fb371041a6aaf) Importer(815301076,1909f56bfc062723c751e8b465ee728b)  -> (artifact id: '28251009598d53477693a88e43666b4b') in 0.071962 seconds 
  Import took 0.165912 seconds .

========================================================================
Received Import Request.
  Time since last request: 21.771634 seconds.
  path: Assets/Scenes/nivel 2.0.unity
  artifactKey: Guid(e9694732584b9004e98fb371041a6aaf) Importer(815301076,1909f56bfc062723c751e8b465ee728b)
Start importing Assets/Scenes/nivel 2.0.unity using Guid(e9694732584b9004e98fb371041a6aaf) Importer(815301076,1909f56bfc062723c751e8b465ee728b)  -> (artifact id: '169a85ea3dd00c184e7f79d4a50e7332') in 0.066735 seconds 
  Import took 0.208609 seconds .

========================================================================
Received Import Request.
  Time since last request: 88.511890 seconds.
  path: Assets/prefabs/Canvas.prefab
  artifactKey: Guid(35f456f40c6920f448bbdf9537b57107) Importer(815301076,1909f56bfc062723c751e8b465ee728b)
Start importing Assets/prefabs/Canvas.prefab using Guid(35f456f40c6920f448bbdf9537b57107) Importer(815301076,1909f56bfc062723c751e8b465ee728b)  -> (artifact id: 'f54a9eafc79d50a50b4587f873dedb68') in 1.768824 seconds 
  Import took 1.832655 seconds .

========================================================================
Received Import Request.
  Time since last request: 0.000477 seconds.
  path: Assets/prefabs/cocolaser.prefab
  artifactKey: Guid(2a56a10abde95e84eb3d5a20e2f91042) Importer(815301076,1909f56bfc062723c751e8b465ee728b)
Start importing Assets/prefabs/cocolaser.prefab using Guid(2a56a10abde95e84eb3d5a20e2f91042) Importer(815301076,1909f56bfc062723c751e8b465ee728b)  -> (artifact id: '7d4ed0596e4273bb8fa58caa1e23d51c') in 0.459886 seconds 
  Import took 0.510579 seconds .

========================================================================
Received Import Request.
  Time since last request: 8.849870 seconds.
  path: Assets/models/enemy3.obj
  artifactKey: Guid(94117d60dbe923043bf50acab5e5a5b1) Importer(815301076,1909f56bfc062723c751e8b465ee728b)
Start importing Assets/models/enemy3.obj using Guid(94117d60dbe923043bf50acab5e5a5b1) Importer(815301076,1909f56bfc062723c751e8b465ee728b)  -> (artifact id: 'e1aafda9d2c374c1bd2a4033a81cd8bf') in 1.976678 seconds 
  Import took 2.063705 seconds .

========================================================================
Received Import Request.
  Time since last request: 0.000338 seconds.
  path: Assets/models/laberinto2.obj
  artifactKey: Guid(973c807c205683d478df59f381de8ed5) Importer(815301076,1909f56bfc062723c751e8b465ee728b)
Start importing Assets/models/laberinto2.obj using Guid(973c807c205683d478df59f381de8ed5) Importer(815301076,1909f56bfc062723c751e8b465ee728b)  -> (artifact id: '6c542ebfdc7813ffa49f9e507b787b4e') in 0.300649 seconds 
  Import took 0.439972 seconds .

========================================================================
Received Import Request.
  Time since last request: 0.000423 seconds.
  path: Assets/models/pilaresL3.obj
  artifactKey: Guid(c549d293ddfc8854cbb3fc2ad7d6c439) Importer(815301076,1909f56bfc062723c751e8b465ee728b)
Start importing Assets/models/pilaresL3.obj using Guid(c549d293ddfc8854cbb3fc2ad7d6c439) Importer(815301076,1909f56bfc062723c751e8b465ee728b)  -> (artifact id: '72a0d40b770b09cf2aafc677cd0ee7a9') in 0.726889 seconds 
  Import took 0.864579 seconds .

========================================================================
Received Import Request.
  Time since last request: 0.039463 seconds.
  path: Assets/models/saquito2a.obj
  artifactKey: Guid(cc03d2f4f46b1c34a8c37d3c1e5b7b9f) Importer(815301076,1909f56bfc062723c751e8b465ee728b)
Start importing Assets/models/saquito2a.obj using Guid(cc03d2f4f46b1c34a8c37d3c1e5b7b9f) Importer(815301076,1909f56bfc062723c751e8b465ee728b)  -> (artifact id: '74d625e8e50d69291a73e581ba717964') in 0.248282 seconds 
  Import took 0.279501 seconds .

========================================================================
Received Import Request.
  Time since last request: 0.000123 seconds.
  path: Assets/models/laberinto1.obj
  artifactKey: Guid(f90de7bd3c2456b4f8cfbfdd7566ec6b) Importer(815301076,1909f56bfc062723c751e8b465ee728b)
Start importing Assets/models/laberinto1.obj using Guid(f90de7bd3c2456b4f8cfbfdd7566ec6b) Importer(815301076,1909f56bfc062723c751e8b465ee728b)  -> (artifact id: 'dfd927d6acd10b612b772f275d7ad202') in 0.318505 seconds 
  Import took 0.559777 seconds .

========================================================================
Received Import Request.
  Time since last request: 0.000439 seconds.
  path: Assets/models/pistola2.obj
  artifactKey: Guid(ceefbb796b6135749880ac846b9c6814) Importer(815301076,1909f56bfc062723c751e8b465ee728b)
Start importing Assets/models/pistola2.obj using Guid(ceefbb796b6135749880ac846b9c6814) Importer(815301076,1909f56bfc062723c751e8b465ee728b)  -> (artifact id: '38eb90063765f3cd483a8fdf1645254a') in 0.586360 seconds 
  Import took 0.628654 seconds .

========================================================================
Received Import Request.
  Time since last request: 0.107918 seconds.
  path: Assets/models/laberinto3.obj
  artifactKey: Guid(95e7058dcab6ac444a65c6a703063047) Importer(815301076,1909f56bfc062723c751e8b465ee728b)
Start importing Assets/models/laberinto3.obj using Guid(95e7058dcab6ac444a65c6a703063047) Importer(815301076,1909f56bfc062723c751e8b465ee728b)  -> (artifact id: '3ded008b848a01b6bd40c580c872c398') in 0.369253 seconds 
  Import took 0.389816 seconds .

========================================================================
Received Import Request.
  Time since last request: 0.000104 seconds.
  path: Assets/models/saquitoRetopo.obj
  artifactKey: Guid(84a61afae99706942befc45b1cb30b84) Importer(815301076,1909f56bfc062723c751e8b465ee728b)
Start importing Assets/models/saquitoRetopo.obj using Guid(84a61afae99706942befc45b1cb30b84) Importer(815301076,1909f56bfc062723c751e8b465ee728b)  -> (artifact id: 'd85b657109d8b4a72a10733359daee6a') in 0.798220 seconds 
  Import took 0.941138 seconds .

========================================================================
Received Import Request.
  Time since last request: 0.000121 seconds.
  path: Assets/models/pistola1.obj
  artifactKey: Guid(448ddb96d04bb91408c4de0cd189a511) Importer(815301076,1909f56bfc062723c751e8b465ee728b)
Start importing Assets/models/pistola1.obj using Guid(448ddb96d04bb91408c4de0cd189a511) Importer(815301076,1909f56bfc062723c751e8b465ee728b)  -> (artifact id: 'cb5314f813e1cee1268cf28e1dedd899') in 0.897671 seconds 
  Import took 0.978183 seconds .

========================================================================
Received Import Request.
  Time since last request: 0.000142 seconds.
  path: Assets/models/suelo.obj
  artifactKey: Guid(6d426f7466a308b4ea691303e4ede2cd) Importer(815301076,1909f56bfc062723c751e8b465ee728b)
Start importing Assets/models/suelo.obj using Guid(6d426f7466a308b4ea691303e4ede2cd) Importer(815301076,1909f56bfc062723c751e8b465ee728b)  -> (artifact id: '308ffa96d6ed6757ec9c7d4e0b6618e0') in 0.824754 seconds 
  Import took 0.840219 seconds .

========================================================================
Received Import Request.
  Time since last request: 0.000155 seconds.
  path: Assets/models/enemy4.obj
  artifactKey: Guid(a755ab9b3889bf549bd8b19d342411ca) Importer(815301076,1909f56bfc062723c751e8b465ee728b)
Start importing Assets/models/enemy4.obj using Guid(a755ab9b3889bf549bd8b19d342411ca) Importer(815301076,1909f56bfc062723c751e8b465ee728b)  -> (artifact id: '704c1ea6127da0534cd0cd3031f29a73') in 0.758123 seconds 
  Import took 1.034196 seconds .

========================================================================
Received Import Request.
  Time since last request: 22.330482 seconds.
  path: Assets/materials/enemy1.mat
  artifactKey: Guid(58d9d5031e528f4438ecb3796936102f) Importer(815301076,1909f56bfc062723c751e8b465ee728b)
Start importing Assets/materials/enemy1.mat using Guid(58d9d5031e528f4438ecb3796936102f) Importer(815301076,1909f56bfc062723c751e8b465ee728b)  -> (artifact id: 'ddcdc20182c345a65e58407b2b0447fb') in 2.660970 seconds 
  Import took 2.668322 seconds .

========================================================================
Received Import Request.
  Time since last request: 0.039730 seconds.
  path: Assets/materials/paleta_color.png
  artifactKey: Guid(e9e99871ac2a62344bd92b5c23d242b9) Importer(815301076,1909f56bfc062723c751e8b465ee728b)
Start importing Assets/materials/paleta_color.png using Guid(e9e99871ac2a62344bd92b5c23d242b9) Importer(815301076,1909f56bfc062723c751e8b465ee728b)  -> (artifact id: 'b3e7b60cbe9568d663db690e1fc3a6a5') in 0.712782 seconds 
  Import took 0.789874 seconds .

========================================================================
Received Import Request.
  Time since last request: 0.144876 seconds.
  path: Assets/materials/Laberinto3.mat
  artifactKey: Guid(82961d80c8f718a4d9e00e18cee44fe0) Importer(815301076,1909f56bfc062723c751e8b465ee728b)
Start importing Assets/materials/Laberinto3.mat using Guid(82961d80c8f718a4d9e00e18cee44fe0) Importer(815301076,1909f56bfc062723c751e8b465ee728b)  -> (artifact id: '25877c10552c216a9c91f3b654f74447') in 0.238536 seconds 
  Import took 0.251742 seconds .

========================================================================
Received Import Request.
  Time since last request: 0.000116 seconds.
  path: Assets/materials/New Material 1.mat
  artifactKey: Guid(1580b4c0ec04b364fa7633358a096a5a) Importer(815301076,1909f56bfc062723c751e8b465ee728b)
Start importing Assets/materials/New Material 1.mat using Guid(1580b4c0ec04b364fa7633358a096a5a) Importer(815301076,1909f56bfc062723c751e8b465ee728b)  -> (artifact id: '223cdc746b4117bf387628a7ed054b8b') in 0.500105 seconds 
  Import took 0.648947 seconds .

========================================================================
Received Import Request.
  Time since last request: 0.000146 seconds.
  path: Assets/materials/Nivel1Mat.mat
  artifactKey: Guid(07ff9c3b654a29b42b4f29867e598142) Importer(815301076,1909f56bfc062723c751e8b465ee728b)
Start importing Assets/materials/Nivel1Mat.mat using Guid(07ff9c3b654a29b42b4f29867e598142) Importer(815301076,1909f56bfc062723c751e8b465ee728b)  -> (artifact id: '44e83dbdb21269e806e0e66347a0a827') in 0.243461 seconds 
  Import took 0.478881 seconds .

========================================================================
Received Import Request.
  Time since last request: 0.000104 seconds.
  path: Assets/materials/saco1.mat
  artifactKey: Guid(2ba3658470461ef4fb61b545953e0ab0) Importer(815301076,1909f56bfc062723c751e8b465ee728b)
Start importing Assets/materials/saco1.mat using Guid(2ba3658470461ef4fb61b545953e0ab0) Importer(815301076,1909f56bfc062723c751e8b465ee728b)  -> (artifact id: '282c9827ec049211b7f496625fb8fe01') in 0.474856 seconds 
  Import took 0.483032 seconds .

========================================================================
Received Import Request.
  Time since last request: 0.000144 seconds.
  path: Assets/materials/New Material 2.mat
  artifactKey: Guid(50b7a5613bb40b9469d95c1ea723e928) Importer(815301076,1909f56bfc062723c751e8b465ee728b)
Start importing Assets/materials/New Material 2.mat using Guid(50b7a5613bb40b9469d95c1ea723e928) Importer(815301076,1909f56bfc062723c751e8b465ee728b)  -> (artifact id: '6eaefcb0bde3e30674d83dc899dee1cb') in 2.327204 seconds 
  Import took 2.460034 seconds .

========================================================================
Received Import Request.
  Time since last request: 0.000147 seconds.
  path: Assets/materials/gomitaM.mat
  artifactKey: Guid(41a668d00f5815243b1c8f3493b42a58) Importer(815301076,1909f56bfc062723c751e8b465ee728b)
Start importing Assets/materials/gomitaM.mat using Guid(41a668d00f5815243b1c8f3493b42a58) Importer(815301076,1909f56bfc062723c751e8b465ee728b)  -> (artifact id: '09d6d12664ef9085439c82c35fd7eb48') in 0.317259 seconds 
  Import took 0.341933 seconds .

========================================================================
Received Import Request.
  Time since last request: 0.193506 seconds.
  path: Assets/materials/nubes.jpg
  artifactKey: Guid(4f379a89e79998b4ca0a426030c56262) Importer(815301076,1909f56bfc062723c751e8b465ee728b)
Start importing Assets/materials/nubes.jpg using Guid(4f379a89e79998b4ca0a426030c56262) Importer(815301076,1909f56bfc062723c751e8b465ee728b)  -> (artifact id: '3ecb564b255c71a77dff18fc59e0a925') in 0.673767 seconds 
  Import took 0.734167 seconds .

========================================================================
Received Import Request.
  Time since last request: 0.000140 seconds.
  path: Assets/materials/enemy2.mat
  artifactKey: Guid(a2b6221f75035f8449b4385a4b787ee5) Importer(815301076,1909f56bfc062723c751e8b465ee728b)
Start importing Assets/materials/enemy2.mat using Guid(a2b6221f75035f8449b4385a4b787ee5) Importer(815301076,1909f56bfc062723c751e8b465ee728b)  -> (artifact id: '7fd36cf0e3c17a73dee5adfcec770658') in 2.448714 seconds 
  Import took 2.508205 seconds .

========================================================================
Received Import Request.
  Time since last request: 0.000246 seconds.
  path: Assets/materials/laberinto2mat.mat
  artifactKey: Guid(c8e7eba11878d8e469d9498e958a27c1) Importer(815301076,1909f56bfc062723c751e8b465ee728b)
Start importing Assets/materials/laberinto2mat.mat using Guid(c8e7eba11878d8e469d9498e958a27c1) Importer(815301076,1909f56bfc062723c751e8b465ee728b)  -> (artifact id: 'aaed94ef0ac9211e8cbb5d11a4ffecb9') in 0.440414 seconds 
  Import took 0.547350 seconds .

========================================================================
Received Import Request.
  Time since last request: 0.000163 seconds.
  path: Assets/materials/chocolaser.mat
  artifactKey: Guid(b086dd2723bcd8c449b9c3cd054bece3) Importer(815301076,1909f56bfc062723c751e8b465ee728b)
Start importing Assets/materials/chocolaser.mat using Guid(b086dd2723bcd8c449b9c3cd054bece3) Importer(815301076,1909f56bfc062723c751e8b465ee728b)  -> (artifact id: 'bc9b62a4256fa7518c5cf5d322784a50') in 0.412413 seconds 
  Import took 0.617794 seconds .

========================================================================
Received Import Request.
  Time since last request: 0.000100 seconds.
  path: Assets/materials/New Material.mat
  artifactKey: Guid(eb2a8f5240eed5243b5dc2b07b5d6c2f) Importer(815301076,1909f56bfc062723c751e8b465ee728b)
Start importing Assets/materials/New Material.mat using Guid(eb2a8f5240eed5243b5dc2b07b5d6c2f) Importer(815301076,1909f56bfc062723c751e8b465ee728b)  -> (artifact id: '8f8114894fe1162052ccb83d51e0030e') in 0.234760 seconds 
  Import took 0.410270 seconds .

========================================================================
Received Import Request.
  Time since last request: 0.000358 seconds.
  path: Assets/materials/Boss2.mat
  artifactKey: Guid(4ad611a542b612044b2d2212ad55ae78) Importer(815301076,1909f56bfc062723c751e8b465ee728b)
Start importing Assets/materials/Boss2.mat using Guid(4ad611a542b612044b2d2212ad55ae78) Importer(815301076,1909f56bfc062723c751e8b465ee728b)  -> (artifact id: '8493e26378be29ee4ba6b38063b91510') in 0.428235 seconds 
  Import took 0.534472 seconds .

========================================================================
Received Import Request.
  Time since last request: 0.000132 seconds.
  path: Assets/materials/enemy4.mat
  artifactKey: Guid(4cb01266cf9ef4142880289d94c72d2a) Importer(815301076,1909f56bfc062723c751e8b465ee728b)
Start importing Assets/materials/enemy4.mat using Guid(4cb01266cf9ef4142880289d94c72d2a) Importer(815301076,1909f56bfc062723c751e8b465ee728b)  -> (artifact id: '93d6a6af4e091bbbe3222946aed97f94') in 1.134068 seconds 
  Import took 1.217674 seconds .

========================================================================
Received Import Request.
  Time since last request: 0.000128 seconds.
  path: Assets/materials/puntero.mat
  artifactKey: Guid(f0c7bfcebbc99c643ab970b7743e62d9) Importer(815301076,1909f56bfc062723c751e8b465ee728b)
Start importing Assets/materials/puntero.mat using Guid(f0c7bfcebbc99c643ab970b7743e62d9) Importer(815301076,1909f56bfc062723c751e8b465ee728b)  -> (artifact id: 'f222ac668d7e2b133b5674a96f541ea6') in 0.320021 seconds 
  Import took 0.347451 seconds .

========================================================================
Received Import Request.
  Time since last request: 0.000324 seconds.
  path: Assets/materials/CieloBinario.mat
  artifactKey: Guid(de274ba68e7b6d94a85c32a0fef42529) Importer(815301076,1909f56bfc062723c751e8b465ee728b)
Start importing Assets/materials/CieloBinario.mat using Guid(de274ba68e7b6d94a85c32a0fef42529) Importer(815301076,1909f56bfc062723c751e8b465ee728b)  -> (artifact id: '3df85fffb6dda18834c2bf5c3c5873a6') in 1.385126 seconds 
  Import took 1.400099 seconds .

========================================================================
Received Import Request.
  Time since last request: 0.135548 seconds.
  path: Assets/materials/CodigoB.jpg
  artifactKey: Guid(afd2cd04b58b3804e9619cb787bf6fc1) Importer(815301076,1909f56bfc062723c751e8b465ee728b)
Start importing Assets/materials/CodigoB.jpg using Guid(afd2cd04b58b3804e9619cb787bf6fc1) Importer(815301076,1909f56bfc062723c751e8b465ee728b)  -> (artifact id: '6d868ca97d6790e48653e8f5df123ae6') in 0.244256 seconds 
  Import took 0.337297 seconds .

========================================================================
Received Import Request.
  Time since last request: 0.000146 seconds.
  path: Assets/materials/llaveMat.mat
  artifactKey: Guid(512a293e14eb9d44f968d892cadce4d9) Importer(815301076,1909f56bfc062723c751e8b465ee728b)
Start importing Assets/materials/llaveMat.mat using Guid(512a293e14eb9d44f968d892cadce4d9) Importer(815301076,1909f56bfc062723c751e8b465ee728b)  -> (artifact id: 'b6543dafa6713dd2af67c6e3b7cdf7c4') in 0.355539 seconds 
  Import took 0.429134 seconds .

========================================================================
Received Import Request.
  Time since last request: 0.000470 seconds.
  path: Assets/materials/enemy3.mat
  artifactKey: Guid(4a7b9b4fcdcc9a2479fe0b9b8ebcff36) Importer(815301076,1909f56bfc062723c751e8b465ee728b)
Start importing Assets/materials/enemy3.mat using Guid(4a7b9b4fcdcc9a2479fe0b9b8ebcff36) Importer(815301076,1909f56bfc062723c751e8b465ee728b)  -> (artifact id: 'c2e2a048c3f3bc78045796be52e81f9e') in 0.603592 seconds 
  Import took 0.614472 seconds .

========================================================================
Received Import Request.
  Time since last request: 203.609083 seconds.
  path: Assets/Scenes/nivel 2.0.unity
  artifactKey: Guid(e9694732584b9004e98fb371041a6aaf) Importer(815301076,1909f56bfc062723c751e8b465ee728b)
Start importing Assets/Scenes/nivel 2.0.unity using Guid(e9694732584b9004e98fb371041a6aaf) Importer(815301076,1909f56bfc062723c751e8b465ee728b)  -> (artifact id: 'a453a0ca57c6440e20b0111e53f1e6fa') in 0.043685 seconds 
  Import took 0.090348 seconds .

========================================================================
Received Prepare
Registering precompiled user dll's ...
Registered in 0.013480 seconds.
Begin MonoManager ReloadAssembly
Native extension for WindowsStandalone target not found
Refreshing native plugins compatible for Editor in 1.24 ms, found 2 plugins.
Preloading 0 native plugins for Editor in 0.00 ms.
Mono: successfully reloaded assembly
- Completed reload, in 34.480 seconds
Domain Reload Profiling:
	ReloadAssembly (34481ms)
		BeginReloadAssembly (20230ms)
			ExecutionOrderSort (1ms)
			DisableScriptedObjects (580ms)
			BackupInstance (0ms)
			ReleaseScriptingObjects (0ms)
			CreateAndSetChildDomain (7278ms)
		EndReloadAssembly (10114ms)
			LoadAssemblies (11243ms)
			RebuildTransferFunctionScriptingTraits (0ms)
			SetupTypeCache (4175ms)
			ReleaseScriptCaches (2ms)
			RebuildScriptCaches (592ms)
			SetupLoadedEditorAssemblies (4363ms)
				LogAssemblyErrors (0ms)
				InitializePlatformSupportModulesInManaged (20ms)
				SetLoadedEditorAssemblies (1ms)
				RefreshPlugins (1ms)
				BeforeProcessingInitializeOnLoad (438ms)
				ProcessInitializeOnLoadAttributes (3639ms)
				ProcessInitializeOnLoadMethodAttributes (190ms)
				AfterProcessingInitializeOnLoad (74ms)
				EditorAssembliesLoaded (1ms)
			ExecutionOrderSort2 (0ms)
			AwakeInstancesAfterBackupRestoration (62ms)
Platform modules already initialized, skipping
Refreshing native plugins compatible for Editor in 0.66 ms, found 2 plugins.
Preloading 0 native plugins for Editor in 0.00 ms.
Unloading 1410 Unused Serialized files (Serialized files now loaded: 0)
System memory in use before: 70.0 MB.
System memory in use after: 70.1 MB.

Unloading 15 unused Assets to reduce memory usage. Loaded Objects now: 1920.
Total: 7.636300 ms (FindLiveObjects: 0.598100 ms CreateObjectMapping: 0.163400 ms MarkObjects: 6.815100 ms  DeleteObjects: 0.056300 ms)

AssetImportParameters requested are different than current active one (requested -> active):
  custom:framework-win-MediaFoundation: 216162199b28c13a410421893ffa2e32 -> 
  custom:video-decoder-ogg-theora: a1e56fd34408186e4bbccfd4996cb3dc -> 
  custom:container-muxer-webm: aa71ff27fc2769a1b78a27578f13a17b -> 
  custom:container-demuxer-webm: 4f35f7cbe854078d1ac9338744f61a02 -> 
  custom:container-demuxer-ogg: 62fdf1f143b41e24485cea50d1cbac27 -> 
  custom:video-encoder-webm-vp8: eb34c28f22e8b96e1ab97ce403110664 -> 
  custom:video-decoder-webm-vp8: 9c59270c3fd7afecdb556c50c9e8de78 -> 
  custom:audio-decoder-ogg-vorbis: bf7c407c2cedff20999df2af8eb42d56 -> 
  custom:audio-encoder-webm-vorbis: bf7c407c2cedff20999df2af8eb42d56 -> 
========================================================================
Received Prepare
Registering precompiled user dll's ...
Registered in 0.016612 seconds.
Begin MonoManager ReloadAssembly
Native extension for WindowsStandalone target not found
Refreshing native plugins compatible for Editor in 1.57 ms, found 2 plugins.
Preloading 0 native plugins for Editor in 0.00 ms.
Mono: successfully reloaded assembly
- Completed reload, in  6.357 seconds
Domain Reload Profiling:
	ReloadAssembly (6357ms)
		BeginReloadAssembly (2185ms)
			ExecutionOrderSort (0ms)
			DisableScriptedObjects (308ms)
			BackupInstance (0ms)
			ReleaseScriptingObjects (0ms)
			CreateAndSetChildDomain (791ms)
		EndReloadAssembly (3678ms)
			LoadAssemblies (961ms)
			RebuildTransferFunctionScriptingTraits (0ms)
			SetupTypeCache (1041ms)
			ReleaseScriptCaches (3ms)
			RebuildScriptCaches (144ms)
			SetupLoadedEditorAssemblies (1886ms)
				LogAssemblyErrors (0ms)
				InitializePlatformSupportModulesInManaged (111ms)
				SetLoadedEditorAssemblies (10ms)
				RefreshPlugins (2ms)
				BeforeProcessingInitializeOnLoad (701ms)
				ProcessInitializeOnLoadAttributes (1021ms)
				ProcessInitializeOnLoadMethodAttributes (14ms)
				AfterProcessingInitializeOnLoad (25ms)
				EditorAssembliesLoaded (1ms)
			ExecutionOrderSort2 (0ms)
			AwakeInstancesAfterBackupRestoration (23ms)
Platform modules already initialized, skipping
Refreshing native plugins compatible for Editor in 0.92 ms, found 2 plugins.
Preloading 0 native plugins for Editor in 0.00 ms.
Unloading 1410 Unused Serialized files (Serialized files now loaded: 0)
System memory in use before: 70.0 MB.
System memory in use after: 70.1 MB.

Unloading 13 unused Assets to reduce memory usage. Loaded Objects now: 1922.
Total: 7.876800 ms (FindLiveObjects: 0.361200 ms CreateObjectMapping: 1.706500 ms MarkObjects: 5.764400 ms  DeleteObjects: 0.041300 ms)

AssetImportParameters requested are different than current active one (requested -> active):
  custom:framework-win-MediaFoundation: 216162199b28c13a410421893ffa2e32 -> 
  custom:video-decoder-ogg-theora: a1e56fd34408186e4bbccfd4996cb3dc -> 
  custom:container-muxer-webm: aa71ff27fc2769a1b78a27578f13a17b -> 
  custom:container-demuxer-webm: 4f35f7cbe854078d1ac9338744f61a02 -> 
  custom:container-demuxer-ogg: 62fdf1f143b41e24485cea50d1cbac27 -> 
  custom:video-encoder-webm-vp8: eb34c28f22e8b96e1ab97ce403110664 -> 
  custom:video-decoder-webm-vp8: 9c59270c3fd7afecdb556c50c9e8de78 -> 
  custom:audio-decoder-ogg-vorbis: bf7c407c2cedff20999df2af8eb42d56 -> 
  custom:audio-encoder-webm-vorbis: bf7c407c2cedff20999df2af8eb42d56 -> 
========================================================================
Received Prepare
Registering precompiled user dll's ...
Registered in 0.012785 seconds.
Begin MonoManager ReloadAssembly
Native extension for WindowsStandalone target not found
Refreshing native plugins compatible for Editor in 0.66 ms, found 2 plugins.
Preloading 0 native plugins for Editor in 0.00 ms.
Mono: successfully reloaded assembly
- Completed reload, in  4.309 seconds
Domain Reload Profiling:
	ReloadAssembly (4312ms)
		BeginReloadAssembly (421ms)
			ExecutionOrderSort (0ms)
			DisableScriptedObjects (48ms)
			BackupInstance (0ms)
			ReleaseScriptingObjects (0ms)
			CreateAndSetChildDomain (101ms)
		EndReloadAssembly (3623ms)
			LoadAssemblies (392ms)
			RebuildTransferFunctionScriptingTraits (0ms)
			SetupTypeCache (1038ms)
			ReleaseScriptCaches (4ms)
			RebuildScriptCaches (146ms)
			SetupLoadedEditorAssemblies (1782ms)
				LogAssemblyErrors (0ms)
				InitializePlatformSupportModulesInManaged (15ms)
				SetLoadedEditorAssemblies (1ms)
				RefreshPlugins (2ms)
				BeforeProcessingInitializeOnLoad (452ms)
				ProcessInitializeOnLoadAttributes (1267ms)
				ProcessInitializeOnLoadMethodAttributes (13ms)
				AfterProcessingInitializeOnLoad (32ms)
				EditorAssembliesLoaded (0ms)
			ExecutionOrderSort2 (0ms)
			AwakeInstancesAfterBackupRestoration (23ms)
Platform modules already initialized, skipping
Refreshing native plugins compatible for Editor in 0.87 ms, found 2 plugins.
Preloading 0 native plugins for Editor in 0.00 ms.
Unloading 1410 Unused Serialized files (Serialized files now loaded: 0)
System memory in use before: 70.0 MB.
System memory in use after: 70.1 MB.

Unloading 13 unused Assets to reduce memory usage. Loaded Objects now: 1924.
Total: 15.785500 ms (FindLiveObjects: 0.358000 ms CreateObjectMapping: 0.082300 ms MarkObjects: 15.297700 ms  DeleteObjects: 0.044300 ms)

AssetImportParameters requested are different than current active one (requested -> active):
  custom:framework-win-MediaFoundation: 216162199b28c13a410421893ffa2e32 -> 
  custom:video-decoder-ogg-theora: a1e56fd34408186e4bbccfd4996cb3dc -> 
  custom:container-muxer-webm: aa71ff27fc2769a1b78a27578f13a17b -> 
  custom:container-demuxer-webm: 4f35f7cbe854078d1ac9338744f61a02 -> 
  custom:container-demuxer-ogg: 62fdf1f143b41e24485cea50d1cbac27 -> 
  custom:video-encoder-webm-vp8: eb34c28f22e8b96e1ab97ce403110664 -> 
  custom:video-decoder-webm-vp8: 9c59270c3fd7afecdb556c50c9e8de78 -> 
  custom:audio-decoder-ogg-vorbis: bf7c407c2cedff20999df2af8eb42d56 -> 
  custom:audio-encoder-webm-vorbis: bf7c407c2cedff20999df2af8eb42d56 -> 
========================================================================
Received Import Request.
  Time since last request: 677.817595 seconds.
  path: Assets/Scenes/Creditos.unity
  artifactKey: Guid(123c4fd8665f7c540990a30bc3e8da14) Importer(815301076,1909f56bfc062723c751e8b465ee728b)
Start importing Assets/Scenes/Creditos.unity using Guid(123c4fd8665f7c540990a30bc3e8da14) Importer(815301076,1909f56bfc062723c751e8b465ee728b)  -> (artifact id: '46b180cc6a8c2a3840a1b662bce72521') in 5.113177 seconds 
  Import took 5.434813 seconds .

========================================================================
Received Import Request.
  Time since last request: 2.047032 seconds.
  path: Assets/Scenes/Controles.unity
  artifactKey: Guid(4418901f7267fd84692de8a06c81e898) Importer(815301076,1909f56bfc062723c751e8b465ee728b)
Start importing Assets/Scenes/Controles.unity using Guid(4418901f7267fd84692de8a06c81e898) Importer(815301076,1909f56bfc062723c751e8b465ee728b)  -> (artifact id: 'eba39fa5acec945ac13c267b9ce1ba91') in 1.103301 seconds 
  Import took 1.705302 seconds .

========================================================================
Received Import Request.
  Time since last request: 1052.308943 seconds.
  path: Assets/Scenes/PantallaInicio.unity
  artifactKey: Guid(9fc0d4010bbf28b4594072e72b8655ab) Importer(815301076,1909f56bfc062723c751e8b465ee728b)
Start importing Assets/Scenes/PantallaInicio.unity using Guid(9fc0d4010bbf28b4594072e72b8655ab) Importer(815301076,1909f56bfc062723c751e8b465ee728b)  -> (artifact id: 'c4d76ceddba8eec406281b28d4101a54') in 1.240991 seconds 
  Import took 1.410529 seconds .

========================================================================
Received Import Request.
  Time since last request: 262.715848 seconds.
  path: Assets/Scenes/Menu principal/LightingData.asset
  artifactKey: Guid(2342ae8f41d18664bba29e3de8a6d54e) Importer(815301076,1909f56bfc062723c751e8b465ee728b)
Start importing Assets/Scenes/Menu principal/LightingData.asset using Guid(2342ae8f41d18664bba29e3de8a6d54e) Importer(815301076,1909f56bfc062723c751e8b465ee728b)  -> (artifact id: '2fcc3214cdcda58a35e7cb1f3499a3fa') in 0.377039 seconds 
  Import took 0.385505 seconds .

========================================================================
Received Import Request.
  Time since last request: 0.000153 seconds.
  path: Assets/Scenes/Menu principal/ReflectionProbe-0.exr
  artifactKey: Guid(728513a8f2c74f541b5f6f45f8da00d5) Importer(815301076,1909f56bfc062723c751e8b465ee728b)
Start importing Assets/Scenes/Menu principal/ReflectionProbe-0.exr using Guid(728513a8f2c74f541b5f6f45f8da00d5) Importer(815301076,1909f56bfc062723c751e8b465ee728b)  -> (artifact id: 'bea43ce7f2348c8e211f086777c49628') in 9.875318 seconds 
  Import took 9.908628 seconds .

========================================================================
Received Prepare
Registering precompiled user dll's ...
Registered in 0.238099 seconds.
Begin MonoManager ReloadAssembly
Native extension for WindowsStandalone target not found
Refreshing native plugins compatible for Editor in 1.40 ms, found 2 plugins.
Preloading 0 native plugins for Editor in 0.00 ms.
Mono: successfully reloaded assembly
- Completed reload, in  7.342 seconds
Domain Reload Profiling:
	ReloadAssembly (7344ms)
		BeginReloadAssembly (573ms)
			ExecutionOrderSort (0ms)
			DisableScriptedObjects (97ms)
			BackupInstance (0ms)
			ReleaseScriptingObjects (0ms)
			CreateAndSetChildDomain (193ms)
		EndReloadAssembly (6499ms)
			LoadAssemblies (407ms)
			RebuildTransferFunctionScriptingTraits (0ms)
			SetupTypeCache (2907ms)
			ReleaseScriptCaches (16ms)
			RebuildScriptCaches (725ms)
			SetupLoadedEditorAssemblies (1877ms)
				LogAssemblyErrors (0ms)
				InitializePlatformSupportModulesInManaged (60ms)
				SetLoadedEditorAssemblies (3ms)
				RefreshPlugins (4ms)
				BeforeProcessingInitializeOnLoad (749ms)
				ProcessInitializeOnLoadAttributes (1018ms)
				ProcessInitializeOnLoadMethodAttributes (13ms)
				AfterProcessingInitializeOnLoad (29ms)
				EditorAssembliesLoaded (1ms)
			ExecutionOrderSort2 (0ms)
			AwakeInstancesAfterBackupRestoration (15ms)
Platform modules already initialized, skipping
Refreshing native plugins compatible for Editor in 0.73 ms, found 2 plugins.
Preloading 0 native plugins for Editor in 0.00 ms.
Unloading 1410 Unused Serialized files (Serialized files now loaded: 0)
System memory in use before: 70.0 MB.
System memory in use after: 70.1 MB.

Unloading 13 unused Assets to reduce memory usage. Loaded Objects now: 1927.
Total: 132.293100 ms (FindLiveObjects: 1.448800 ms CreateObjectMapping: 0.151400 ms MarkObjects: 130.617300 ms  DeleteObjects: 0.071000 ms)

AssetImportParameters requested are different than current active one (requested -> active):
  custom:framework-win-MediaFoundation: 216162199b28c13a410421893ffa2e32 -> 
  custom:video-decoder-ogg-theora: a1e56fd34408186e4bbccfd4996cb3dc -> 
  custom:container-muxer-webm: aa71ff27fc2769a1b78a27578f13a17b -> 
  custom:container-demuxer-webm: 4f35f7cbe854078d1ac9338744f61a02 -> 
  custom:container-demuxer-ogg: 62fdf1f143b41e24485cea50d1cbac27 -> 
  custom:video-encoder-webm-vp8: eb34c28f22e8b96e1ab97ce403110664 -> 
  custom:video-decoder-webm-vp8: 9c59270c3fd7afecdb556c50c9e8de78 -> 
  custom:audio-decoder-ogg-vorbis: bf7c407c2cedff20999df2af8eb42d56 -> 
  custom:audio-encoder-webm-vorbis: bf7c407c2cedff20999df2af8eb42d56 -> 
========================================================================
Received Prepare
Registering precompiled user dll's ...
Registered in 0.029284 seconds.
Begin MonoManager ReloadAssembly
Native extension for WindowsStandalone target not found
Refreshing native plugins compatible for Editor in 0.66 ms, found 2 plugins.
Preloading 0 native plugins for Editor in 0.00 ms.
Mono: successfully reloaded assembly
- Completed reload, in 37.688 seconds
Domain Reload Profiling:
	ReloadAssembly (37693ms)
		BeginReloadAssembly (3316ms)
			ExecutionOrderSort (0ms)
			DisableScriptedObjects (63ms)
			BackupInstance (0ms)
			ReleaseScriptingObjects (0ms)
			CreateAndSetChildDomain (1437ms)
		EndReloadAssembly (25631ms)
			LoadAssemblies (2305ms)
			RebuildTransferFunctionScriptingTraits (0ms)
			SetupTypeCache (11128ms)
			ReleaseScriptCaches (3ms)
			RebuildScriptCaches (1770ms)
			SetupLoadedEditorAssemblies (2600ms)
				LogAssemblyErrors (0ms)
				InitializePlatformSupportModulesInManaged (48ms)
				SetLoadedEditorAssemblies (2ms)
				RefreshPlugins (1ms)
				BeforeProcessingInitializeOnLoad (1384ms)
				ProcessInitializeOnLoadAttributes (1089ms)
				ProcessInitializeOnLoadMethodAttributes (13ms)
				AfterProcessingInitializeOnLoad (62ms)
				EditorAssembliesLoaded (0ms)
			ExecutionOrderSort2 (0ms)
			AwakeInstancesAfterBackupRestoration (20ms)
Platform modules already initialized, skipping
Refreshing native plugins compatible for Editor in 0.80 ms, found 2 plugins.
Preloading 0 native plugins for Editor in 0.00 ms.
Unloading 1410 Unused Serialized files (Serialized files now loaded: 0)
System memory in use before: 70.0 MB.
System memory in use after: 70.1 MB.

Unloading 13 unused Assets to reduce memory usage. Loaded Objects now: 1929.
Total: 7.448900 ms (FindLiveObjects: 0.383500 ms CreateObjectMapping: 0.078600 ms MarkObjects: 6.938900 ms  DeleteObjects: 0.044300 ms)

AssetImportParameters requested are different than current active one (requested -> active):
  custom:framework-win-MediaFoundation: 216162199b28c13a410421893ffa2e32 -> 
  custom:video-decoder-ogg-theora: a1e56fd34408186e4bbccfd4996cb3dc -> 
  custom:container-muxer-webm: aa71ff27fc2769a1b78a27578f13a17b -> 
  custom:container-demuxer-webm: 4f35f7cbe854078d1ac9338744f61a02 -> 
  custom:container-demuxer-ogg: 62fdf1f143b41e24485cea50d1cbac27 -> 
  custom:video-encoder-webm-vp8: eb34c28f22e8b96e1ab97ce403110664 -> 
  custom:video-decoder-webm-vp8: 9c59270c3fd7afecdb556c50c9e8de78 -> 
  custom:audio-decoder-ogg-vorbis: bf7c407c2cedff20999df2af8eb42d56 -> 
  custom:audio-encoder-webm-vorbis: bf7c407c2cedff20999df2af8eb42d56 -> 
========================================================================
Received Import Request.
  Time since last request: 305.094975 seconds.
  path: Assets/Scenes/Niveles.unity
  artifactKey: Guid(f8decb7781e5ad84c9d35cfa691ca573) Importer(815301076,1909f56bfc062723c751e8b465ee728b)
Start importing Assets/Scenes/Niveles.unity using Guid(f8decb7781e5ad84c9d35cfa691ca573) Importer(815301076,1909f56bfc062723c751e8b465ee728b)  -> (artifact id: '1c9c695150c578d88b99b472ec29e000') in 6.471565 seconds 
  Import took 6.516281 seconds .

========================================================================
Received Import Request.
  Time since last request: 3.054423 seconds.
  path: Assets/Scenes/Niveles.unity
  artifactKey: Guid(f8decb7781e5ad84c9d35cfa691ca573) Importer(815301076,1909f56bfc062723c751e8b465ee728b)
Start importing Assets/Scenes/Niveles.unity using Guid(f8decb7781e5ad84c9d35cfa691ca573) Importer(815301076,1909f56bfc062723c751e8b465ee728b)  -> (artifact id: '1c9c695150c578d88b99b472ec29e000') in 0.008515 seconds 
  Import took 0.044820 seconds .

========================================================================
Received Import Request.
  Time since last request: 158.389606 seconds.
  path: Assets/Scenes/nivel 2.0.unity
  artifactKey: Guid(e9694732584b9004e98fb371041a6aaf) Importer(815301076,1909f56bfc062723c751e8b465ee728b)
Start importing Assets/Scenes/nivel 2.0.unity using Guid(e9694732584b9004e98fb371041a6aaf) Importer(815301076,1909f56bfc062723c751e8b465ee728b)  -> (artifact id: 'f209107e48bf7771e752c839d1b29e3b') in 1.727611 seconds 
  Import took 1.748831 seconds .

========================================================================
Received Prepare
Registering precompiled user dll's ...
Registered in 9.469874 seconds.
Begin MonoManager ReloadAssembly
Native extension for WindowsStandalone target not found
Refreshing native plugins compatible for Editor in 1.79 ms, found 2 plugins.
Preloading 0 native plugins for Editor in 0.00 ms.
Mono: successfully reloaded assembly
- Completed reload, in 67.791 seconds
Domain Reload Profiling:
	ReloadAssembly (67800ms)
		BeginReloadAssembly (43852ms)
			ExecutionOrderSort (0ms)
			DisableScriptedObjects (6973ms)
			BackupInstance (0ms)
			ReleaseScriptingObjects (0ms)
			CreateAndSetChildDomain (15455ms)
		EndReloadAssembly (22712ms)
			LoadAssemblies (6747ms)
			RebuildTransferFunctionScriptingTraits (0ms)
			SetupTypeCache (5052ms)
			ReleaseScriptCaches (3ms)
			RebuildScriptCaches (536ms)
			SetupLoadedEditorAssemblies (13757ms)
				LogAssemblyErrors (0ms)
				InitializePlatformSupportModulesInManaged (64ms)
				SetLoadedEditorAssemblies (6ms)
				RefreshPlugins (2ms)
				BeforeProcessingInitializeOnLoad (3467ms)
				ProcessInitializeOnLoadAttributes (9811ms)
				ProcessInitializeOnLoadMethodAttributes (241ms)
				AfterProcessingInitializeOnLoad (161ms)
				EditorAssembliesLoaded (5ms)
			ExecutionOrderSort2 (0ms)
			AwakeInstancesAfterBackupRestoration (141ms)
Platform modules already initialized, skipping
Refreshing native plugins compatible for Editor in 0.83 ms, found 2 plugins.
Preloading 0 native plugins for Editor in 0.00 ms.
Unloading 1410 Unused Serialized files (Serialized files now loaded: 0)
System memory in use before: 70.1 MB.
System memory in use after: 70.2 MB.

Unloading 13 unused Assets to reduce memory usage. Loaded Objects now: 1931.
Total: 46.548500 ms (FindLiveObjects: 29.888500 ms CreateObjectMapping: 0.145300 ms MarkObjects: 16.388800 ms  DeleteObjects: 0.122400 ms)

AssetImportParameters requested are different than current active one (requested -> active):
  custom:framework-win-MediaFoundation: 216162199b28c13a410421893ffa2e32 -> 
  custom:video-decoder-ogg-theora: a1e56fd34408186e4bbccfd4996cb3dc -> 
  custom:container-muxer-webm: aa71ff27fc2769a1b78a27578f13a17b -> 
  custom:container-demuxer-webm: 4f35f7cbe854078d1ac9338744f61a02 -> 
  custom:container-demuxer-ogg: 62fdf1f143b41e24485cea50d1cbac27 -> 
  custom:video-encoder-webm-vp8: eb34c28f22e8b96e1ab97ce403110664 -> 
  custom:video-decoder-webm-vp8: 9c59270c3fd7afecdb556c50c9e8de78 -> 
  custom:audio-decoder-ogg-vorbis: bf7c407c2cedff20999df2af8eb42d56 -> 
  custom:audio-encoder-webm-vorbis: bf7c407c2cedff20999df2af8eb42d56 -> 
AssetImportWorkerClient::OnTransportError - code=2 error=End of file
