Using pre-set license
Built from '2020.3/staging' branch; Version is '2020.3.17f1 (a4537701e4ab) revision 10769271'; Using compiler version '192528614'; Build Type 'Release'
OS: 'Windows 10 Home Single Language; OS build 19043.1348; Version 2009; 64bit' Language: 'es' Physical Memory: 7068 MB
BatchMode: 1, IsHumanControllingUs: 0, StartBugReporterOnCrash: 0, Is64bit: 1, IsPro: 0

COMMAND LINE ARGUMENTS:
C:\Program Files\Unity\2020.3.17f1\Editor\Unity.exe
-adb2
-batchMode
-noUpm
-name
AssetImportWorker1
-projectPath
C:/Users/danie/OneDrive/Documentos/GitHub/prueba-version-2
-logFile
Logs/AssetImportWorker1.log
-srvPort
59251
Successfully changed project path to: C:/Users/danie/OneDrive/Documentos/GitHub/prueba-version-2
C:/Users/danie/OneDrive/Documentos/GitHub/prueba-version-2
Using Asset Import Pipeline V2.
Refreshing native plugins compatible for Editor in 98.00 ms, found 2 plugins.
Preloading 0 native plugins for Editor in 0.00 ms.
Initialize engine version: 2020.3.17f1 (a4537701e4ab)
[Subsystems] Discovering subsystems at path C:/Program Files/Unity/2020.3.17f1/Editor/Data/Resources/UnitySubsystems
[Subsystems] Discovering subsystems at path C:/Users/danie/OneDrive/Documentos/GitHub/prueba-version-2/Assets
GfxDevice: creating device client; threaded=0
Direct3D:
    Version:  Direct3D 11.0 [level 11.1]
    Renderer: AMD Radeon(TM) Vega 8 Graphics (ID=0x15dd)
    Vendor:   
    VRAM:     3534 MB
    Driver:   26.20.12036.1
Initialize mono
Mono path[0] = 'C:/Program Files/Unity/2020.3.17f1/Editor/Data/Managed'
Mono path[1] = 'C:/Program Files/Unity/2020.3.17f1/Editor/Data/MonoBleedingEdge/lib/mono/unityjit'
Mono config path = 'C:/Program Files/Unity/2020.3.17f1/Editor/Data/MonoBleedingEdge/etc'
Using monoOptions --debugger-agent=transport=dt_socket,embedding=1,server=y,suspend=n,address=127.0.0.1:56920
Begin MonoManager ReloadAssembly
Registering precompiled unity dll's ...
Register platform support module: C:/Program Files/Unity/2020.3.17f1/Editor/Data/PlaybackEngines/WindowsStandaloneSupport/UnityEditor.WindowsStandalone.Extensions.dll
Registered in 0.012722 seconds.
Native extension for WindowsStandalone target not found
Refreshing native plugins compatible for Editor in 78.58 ms, found 2 plugins.
Preloading 0 native plugins for Editor in 0.00 ms.
Mono: successfully reloaded assembly
- Completed reload, in  6.365 seconds
Domain Reload Profiling:
	ReloadAssembly (6365ms)
		BeginReloadAssembly (314ms)
			ExecutionOrderSort (0ms)
			DisableScriptedObjects (0ms)
			BackupInstance (0ms)
			ReleaseScriptingObjects (0ms)
			CreateAndSetChildDomain (7ms)
		EndReloadAssembly (1354ms)
			LoadAssemblies (289ms)
			RebuildTransferFunctionScriptingTraits (0ms)
			SetupTypeCache (530ms)
			ReleaseScriptCaches (0ms)
			RebuildScriptCaches (90ms)
			SetupLoadedEditorAssemblies (440ms)
				LogAssemblyErrors (0ms)
				InitializePlatformSupportModulesInManaged (12ms)
				SetLoadedEditorAssemblies (1ms)
				RefreshPlugins (79ms)
				BeforeProcessingInitializeOnLoad (27ms)
				ProcessInitializeOnLoadAttributes (235ms)
				ProcessInitializeOnLoadMethodAttributes (87ms)
				AfterProcessingInitializeOnLoad (0ms)
				EditorAssembliesLoaded (1ms)
			ExecutionOrderSort2 (0ms)
			AwakeInstancesAfterBackupRestoration (0ms)
Platform modules already initialized, skipping
Registering precompiled user dll's ...
Registered in 0.019839 seconds.
Begin MonoManager ReloadAssembly
Native extension for WindowsStandalone target not found
Refreshing native plugins compatible for Editor in 0.62 ms, found 2 plugins.
Preloading 0 native plugins for Editor in 0.00 ms.
Mono: successfully reloaded assembly
- Completed reload, in  4.831 seconds
Domain Reload Profiling:
	ReloadAssembly (4834ms)
		BeginReloadAssembly (515ms)
			ExecutionOrderSort (0ms)
			DisableScriptedObjects (17ms)
			BackupInstance (0ms)
			ReleaseScriptingObjects (0ms)
			CreateAndSetChildDomain (56ms)
		EndReloadAssembly (4057ms)
			LoadAssemblies (301ms)
			RebuildTransferFunctionScriptingTraits (0ms)
			SetupTypeCache (908ms)
			ReleaseScriptCaches (1ms)
			RebuildScriptCaches (111ms)
			SetupLoadedEditorAssemblies (2479ms)
				LogAssemblyErrors (0ms)
				InitializePlatformSupportModulesInManaged (14ms)
				SetLoadedEditorAssemblies (1ms)
				RefreshPlugins (1ms)
				BeforeProcessingInitializeOnLoad (162ms)
				ProcessInitializeOnLoadAttributes (2250ms)
				ProcessInitializeOnLoadMethodAttributes (16ms)
				AfterProcessingInitializeOnLoad (34ms)
				EditorAssembliesLoaded (1ms)
			ExecutionOrderSort2 (0ms)
			AwakeInstancesAfterBackupRestoration (23ms)
Platform modules already initialized, skipping
========================================================================
Worker process is ready to serve import requests
Launched and connected shader compiler UnityShaderCompiler.exe after 0.26 seconds
Refreshing native plugins compatible for Editor in 0.93 ms, found 2 plugins.
Preloading 0 native plugins for Editor in 0.00 ms.
Unloading 1406 Unused Serialized files (Serialized files now loaded: 0)
System memory in use before: 65.1 MB.
System memory in use after: 65.2 MB.

Unloading 18 unused Assets to reduce memory usage. Loaded Objects now: 1839.
Total: 8.367900 ms (FindLiveObjects: 1.461200 ms CreateObjectMapping: 0.371700 ms MarkObjects: 6.342600 ms  DeleteObjects: 0.185300 ms)

AssetImportParameters requested are different than current active one (requested -> active):
  custom:framework-win-MediaFoundation: 216162199b28c13a410421893ffa2e32 -> 
  custom:video-decoder-ogg-theora: a1e56fd34408186e4bbccfd4996cb3dc -> 
  custom:container-muxer-webm: aa71ff27fc2769a1b78a27578f13a17b -> 
  custom:container-demuxer-webm: 4f35f7cbe854078d1ac9338744f61a02 -> 
  custom:container-demuxer-ogg: 62fdf1f143b41e24485cea50d1cbac27 -> 
  custom:video-encoder-webm-vp8: eb34c28f22e8b96e1ab97ce403110664 -> 
  custom:video-decoder-webm-vp8: 9c59270c3fd7afecdb556c50c9e8de78 -> 
  custom:audio-decoder-ogg-vorbis: bf7c407c2cedff20999df2af8eb42d56 -> 
  custom:audio-encoder-webm-vorbis: bf7c407c2cedff20999df2af8eb42d56 -> 
========================================================================
Received Import Request.
  path: Assets/Prefabs/Rasho1.prefab
  artifactKey: Guid(061759a19671d034d9f7ea9dadcbe41c) Importer(815301076,1909f56bfc062723c751e8b465ee728b)
Start importing Assets/Prefabs/Rasho1.prefab using Guid(061759a19671d034d9f7ea9dadcbe41c) Importer(815301076,1909f56bfc062723c751e8b465ee728b)  -> (artifact id: '38387ab082c7d9e1b92671f8fbb43d36') in 0.744654 seconds 
  Import took 0.750413 seconds .

========================================================================
Received Import Request.
  Time since last request: 0.000930 seconds.
  path: Assets/Prefabs/level22.obj
  artifactKey: Guid(c0ee97cc02193f941b32d84046b08024) Importer(815301076,1909f56bfc062723c751e8b465ee728b)
Start importing Assets/Prefabs/level22.obj using Guid(c0ee97cc02193f941b32d84046b08024) Importer(815301076,1909f56bfc062723c751e8b465ee728b)  -> (artifact id: '5cef44e7a269a58589a7a740cf8a1b14') in 0.751891 seconds 
  Import took 0.759456 seconds .

========================================================================
Received Import Request.
  Time since last request: 0.000839 seconds.
  path: Assets/Prefabs/Arma.prefab
  artifactKey: Guid(dc88b434b5571ad4f8bab3bf37de1af4) Importer(815301076,1909f56bfc062723c751e8b465ee728b)
Start importing Assets/Prefabs/Arma.prefab using Guid(dc88b434b5571ad4f8bab3bf37de1af4) Importer(815301076,1909f56bfc062723c751e8b465ee728b)  -> (artifact id: '3e2a76a080368defbc0d432c31cca2cb') in 0.050234 seconds 
  Import took 0.057393 seconds .

========================================================================
Received Import Request.
  Time since last request: 0.001846 seconds.
  path: Assets/Scenes/nivel 1.unity
  artifactKey: Guid(bbd641e6408ab8a4e8effc06f35e6132) Importer(815301076,1909f56bfc062723c751e8b465ee728b)
Start importing Assets/Scenes/nivel 1.unity using Guid(bbd641e6408ab8a4e8effc06f35e6132) Importer(815301076,1909f56bfc062723c751e8b465ee728b)  -> (artifact id: 'db0eeab994239867bda329b38e1ed7c5') in 0.029681 seconds 
  Import took 0.038764 seconds .

========================================================================
Received Import Request.
  Time since last request: 0.002139 seconds.
  path: Assets/Scenes/SampleSceneSettings.lighting
  artifactKey: Guid(409521ffa96e7a840a4c2bcb635f43bc) Importer(815301076,1909f56bfc062723c751e8b465ee728b)
Start importing Assets/Scenes/SampleSceneSettings.lighting using Guid(409521ffa96e7a840a4c2bcb635f43bc) Importer(815301076,1909f56bfc062723c751e8b465ee728b)  -> (artifact id: '359fc0127748ec49df10e2d455a9852f') in 0.030717 seconds 
  Import took 0.038147 seconds .

========================================================================
Received Import Request.
  Time since last request: 0.001595 seconds.
  path: Assets/Scripts/control.cs
  artifactKey: Guid(052ffb5e2330a6d488cfce12b2102cac) Importer(815301076,1909f56bfc062723c751e8b465ee728b)
Start importing Assets/Scripts/control.cs using Guid(052ffb5e2330a6d488cfce12b2102cac) Importer(815301076,1909f56bfc062723c751e8b465ee728b)  -> (artifact id: 'ae0eaf08cd972f5b881f201a6b8e2eab') in 0.081434 seconds 
  Import took 0.092460 seconds .

========================================================================
Received Import Request.
  Time since last request: 0.000808 seconds.
  path: Assets/Scripts/GameManager.cs
  artifactKey: Guid(ec8c37029fe302d4f93480738d6ee4c6) Importer(815301076,1909f56bfc062723c751e8b465ee728b)
Start importing Assets/Scripts/GameManager.cs using Guid(ec8c37029fe302d4f93480738d6ee4c6) Importer(815301076,1909f56bfc062723c751e8b465ee728b)  -> (artifact id: 'e89e41e3f073d7c3942eaf158b319c68') in 0.020239 seconds 
  Import took 0.028790 seconds .

========================================================================
Received Import Request.
  Time since last request: 0.001517 seconds.
  path: Assets/Scripts/Disparador.cs
  artifactKey: Guid(d540941bde7a0794192d2ee92b0864b7) Importer(815301076,1909f56bfc062723c751e8b465ee728b)
Start importing Assets/Scripts/Disparador.cs using Guid(d540941bde7a0794192d2ee92b0864b7) Importer(815301076,1909f56bfc062723c751e8b465ee728b)  -> (artifact id: '2ed7a82c010cb0e288feba66bb42cea4') in 0.018735 seconds 
  Import took 0.027096 seconds .

========================================================================
Received Import Request.
  Time since last request: 0.001485 seconds.
  path: Assets/Scripts/ControlDisparo.cs
  artifactKey: Guid(b5a6124a55a11034e9300aadab0bce49) Importer(815301076,1909f56bfc062723c751e8b465ee728b)
Start importing Assets/Scripts/ControlDisparo.cs using Guid(b5a6124a55a11034e9300aadab0bce49) Importer(815301076,1909f56bfc062723c751e8b465ee728b)  -> (artifact id: 'd6170ac750999f6343216e8d1ea18941') in 0.020416 seconds 
  Import took 0.028055 seconds .

========================================================================
Received Import Request.
  Time since last request: 33.213267 seconds.
  path: Assets/Sprites/fondomenu.jpg
  artifactKey: Guid(1442380931821294fbc16ff51c6767fc) Importer(815301076,1909f56bfc062723c751e8b465ee728b)
Start importing Assets/Sprites/fondomenu.jpg using Guid(1442380931821294fbc16ff51c6767fc) Importer(815301076,1909f56bfc062723c751e8b465ee728b)  -> (artifact id: 'f67b2674dd9274d8e8d8d102097b52b9') in 0.948404 seconds 
  Import took 0.955882 seconds .

